<?xml version="1.0" encoding="utf-8"?><testsuites name="pytest tests"><testsuite name="pytest" errors="0" failures="66" skipped="0" tests="605" time="33.147" timestamp="2026-03-08T09:49:40.729567+00:00" hostname="Zeus"><properties><property name="hypothesis-statistics-tests/test_property_fuzz.py::test_lexer_never_crashes" value="dGVzdHMvdGVzdF9wcm9wZXJ0eV9mdXp6LnB5Ojp0ZXN0X2xleGVyX25ldmVyX2NyYXNoZXM6CgogIC0gZHVyaW5nIGdlbmVyYXRlIHBoYXNlICgwLjAzIHNlY29uZHMpOgogICAgLSBUeXBpY2FsIHJ1bnRpbWVzOiA8IDFtcywgb2Ygd2hpY2ggPCAxbXMgaW4gZGF0YSBnZW5lcmF0aW9uCiAgICAtIDEwMCBwYXNzaW5nIGV4YW1wbGVzLCAwIGZhaWxpbmcgZXhhbXBsZXMsIDAgaW52YWxpZCBleGFtcGxlcwoKICAtIFN0b3BwZWQgYmVjYXVzZSBzZXR0aW5ncy5tYXhfZXhhbXBsZXM9MTAw" /><property name="hypothesis-statistics-tests/test_property_fuzz.py::test_parser_either_parses_or_raises_parse_error" value="dGVzdHMvdGVzdF9wcm9wZXJ0eV9mdXp6LnB5Ojp0ZXN0X3BhcnNlcl9laXRoZXJfcGFyc2VzX29yX3JhaXNlc19wYXJzZV9lcnJvcjoKCiAgLSBkdXJpbmcgZ2VuZXJhdGUgcGhhc2UgKDAuMDIgc2Vjb25kcyk6CiAgICAtIFR5cGljYWwgcnVudGltZXM6IDwgMW1zLCBvZiB3aGljaCA8IDFtcyBpbiBkYXRhIGdlbmVyYXRpb24KICAgIC0gMTAwIHBhc3NpbmcgZXhhbXBsZXMsIDAgZmFpbGluZyBleGFtcGxlcywgMCBpbnZhbGlkIGV4YW1wbGVzCgogIC0gU3RvcHBlZCBiZWNhdXNlIHNldHRpbmdzLm1heF9leGFtcGxlcz0xMDA=" /></properties><testcase classname="tests.gpu.test_gpu_cuda_bridge_codegen" name="test_gpu_kernel_registers_cuda_bridge_metadata" time="0.037" /><testcase classname="tests.gpu.test_gpu_examples_integration" name="test_gpu_examples_build_and_run" time="0.071"><failure message="AssertionError: Traceback (most recent call last):&#10;    File &quot;/tmp/pytest-of-pedro/pytest-30/test_gpu_examples_build_and_ru0/vector_add.py&quot;, line 540, in &lt;module&gt;&#10;      _main_out = main()&#10;    File &quot;/tmp/pytest-of-pedro/pytest-30/test_gpu_examples_build_and_ru0/vector_add.py&quot;, line 529, in main&#10;      gpu.launch(vec_add, len_(x), 256, dx, dy, dout)&#10;      ~~~~~~~~~~^^^^^^^^^^^^^^^^^^^^^^^^^^^^^^^^^^^^^&#10;    File &quot;/tmp/pytest-of-pedro/pytest-30/test_gpu_examples_build_and_ru0/vector_add.py&quot;, line 349, in launch&#10;      return self._runtime.launch(kernel, grid_size, block_size, *args) if self._runtime is not None else None&#10;             ~~~~~~~~~~~~~~~~~~~~^^^^^^^^^^^^^^^^^^^^^^^^^^^^^^^^^^^^^^&#10;    File &quot;/home/pedro/rust-projects/language/ASTRA/astra/gpu/runtime.py&quot;, line 156, in launch&#10;      raise GpuError(&quot;gpu.launch expects a gpu fn kernel&quot;)&#10;  astra.gpu.runtime.GpuError: gpu.launch expects a gpu fn kernel&#10;  &#10;assert 1 == 0&#10; +  where 1 = CompletedProcess(args=['/home/pedro/rust-projects/language/ASTRA/.venv/bin/python', '/tmp/pytest-of-pedro/pytest-30/te...aise GpuError(&quot;gpu.launch expects a gpu fn kernel&quot;)\nastra.gpu.runtime.GpuError: gpu.launch expects a gpu fn kernel\n').returncode">tmp_path = PosixPath('/tmp/pytest-of-pedro/pytest-30/test_gpu_examples_build_and_ru0')

    def test_gpu_examples_build_and_run(tmp_path: Path):
        repo = Path(__file__).resolve().parents[2]
        expected = {
            "vector_add.arixa": "[11.0, 22.0, 33.0, 44.0]",
            "saxpy.arixa": "[12.0, 24.0, 36.0, 48.0]",
            "vector_scale.arixa": "[6.0, 12.0, 18.0, 24.0]",
            "elementwise_mul.arixa": "[2.0, 12.0, 30.0, 56.0]",
        }
        for name, expected_stdout in expected.items():
            src = repo / "examples" / "gpu" / name
            out = tmp_path / f"{src.stem}.py"
            state = build(str(src), str(out), target="py")
            assert state in {"built", "cached"}
            cp = subprocess.run([sys.executable, str(out)], capture_output=True, text=True, timeout=5)
&gt;           assert cp.returncode == 0, cp.stderr
E           AssertionError: Traceback (most recent call last):
E               File "/tmp/pytest-of-pedro/pytest-30/test_gpu_examples_build_and_ru0/vector_add.py", line 540, in &lt;module&gt;
E                 _main_out = main()
E               File "/tmp/pytest-of-pedro/pytest-30/test_gpu_examples_build_and_ru0/vector_add.py", line 529, in main
E                 gpu.launch(vec_add, len_(x), 256, dx, dy, dout)
E                 ~~~~~~~~~~^^^^^^^^^^^^^^^^^^^^^^^^^^^^^^^^^^^^^
E               File "/tmp/pytest-of-pedro/pytest-30/test_gpu_examples_build_and_ru0/vector_add.py", line 349, in launch
E                 return self._runtime.launch(kernel, grid_size, block_size, *args) if self._runtime is not None else None
E                        ~~~~~~~~~~~~~~~~~~~~^^^^^^^^^^^^^^^^^^^^^^^^^^^^^^^^^^^^^^
E               File "/home/pedro/rust-projects/language/ASTRA/astra/gpu/runtime.py", line 156, in launch
E                 raise GpuError("gpu.launch expects a gpu fn kernel")
E             astra.gpu.runtime.GpuError: gpu.launch expects a gpu fn kernel
E             
E           assert 1 == 0
E            +  where 1 = CompletedProcess(args=['/home/pedro/rust-projects/language/ASTRA/.venv/bin/python', '/tmp/pytest-of-pedro/pytest-30/te...aise GpuError("gpu.launch expects a gpu fn kernel")\nastra.gpu.runtime.GpuError: gpu.launch expects a gpu fn kernel\n').returncode

tests/gpu/test_gpu_examples_integration.py:22: AssertionError</failure></testcase><testcase classname="tests.gpu.test_gpu_launch_validation" name="test_gpu_launch_typechecks_valid_kernel_invocation" time="0.001" /><testcase classname="tests.gpu.test_gpu_launch_validation" name="test_gpu_launch_rejects_non_kernel_function" time="0.000" /><testcase classname="tests.gpu.test_gpu_launch_validation" name="test_gpu_launch_rejects_incompatible_argument_types" time="0.001" /><testcase classname="tests.gpu.test_gpu_launch_validation" name="test_gpu_kernel_cannot_be_called_directly_from_host" time="0.000" /><testcase classname="tests.gpu.test_gpu_parser" name="test_parse_gpu_fn_marks_kernel_decl" time="0.000" /><testcase classname="tests.gpu.test_gpu_parser" name="test_parse_gpu_namespace_calls_in_host_and_kernel" time="0.000" /><testcase classname="tests.gpu.test_gpu_semantic_validation" name="test_gpu_kernel_must_return_void" time="0.000" /><testcase classname="tests.gpu.test_gpu_semantic_validation" name="test_gpu_kernel_rejects_await_and_host_builtin" time="0.000"><failure message="astra.parser.ParseError: PARSE &lt;input&gt;:3:13: expected ;, got IDENT">def test_gpu_kernel_rejects_await_and_host_builtin():
        src = """
    gpu fn bad(out GpuMutSlice&lt;Int&gt;) Void{
      x = await now_unix();
      print(x);
    }
    fn main() Int{ return 0; }
    """
        with pytest.raises(SemanticError, match="gpu kernels cannot be async|await is not supported in gpu kernels|builtin print is not available in gpu kernels"):
&gt;           analyze(parse(src))
                    ^^^^^^^^^^

tests/gpu/test_gpu_semantic_validation.py:22: 
_ _ _ _ _ _ _ _ _ _ _ _ _ _ _ _ _ _ _ _ _ _ _ _ _ _ _ _ _ _ _ _ _ _ _ _ _ _ _ _ _ _ _ _ _ _ _ _ _ _ _ _ _ _ _ _ _ _ _ _ _ _ _ _ _ _ _ _ _ _ _ _ _ _ _ _ _ _ _ _ _ _ _
astra/parser.py:1598: in parse
    return Parser(src, filename=filename).parse_program()
           ^^^^^^^^^^^^^^^^^^^^^^^^^^^^^^^^^^^^^^^^^^^^^^
_ _ _ _ _ _ _ _ _ _ _ _ _ _ _ _ _ _ _ _ _ _ _ _ _ _ _ _ _ _ _ _ _ _ _ _ _ _ _ _ _ _ _ _ _ _ _ _ _ _ _ _ _ _ _ _ _ _ _ _ _ _ _ _ _ _ _ _ _ _ _ _ _ _ _ _ _ _ _ _ _ _ _

self = &lt;astra.parser.Parser object at 0x7fbb6e1910f0&gt;

    def parse_program(self) -&gt; Program:
        """Parse the `program` grammar production from the token stream.
    
        Parameters:
            none
    
        Returns:
            Value described by the function return annotation.
        """
        items: list[Any] = []
        while self.cur().kind != "EOF":
            doc = self._consume_doc_comments()
            if self.cur().kind == "EOF":
                break
            if self.cur().kind == ";":
                self.i += 1
                continue
            try:
                item = self.parse_top_level(doc)
                if item is not None:
                    items.append(item)
            except ParseError:
                self.recover()
        if self.errors:
&gt;           raise ParseError("\n".join(self.errors))
E           astra.parser.ParseError: PARSE &lt;input&gt;:3:13: expected ;, got IDENT

astra/parser.py:288: ParseError</failure></testcase><testcase classname="tests.gpu.test_gpu_semantic_validation" name="test_gpu_kernel_parameter_type_is_validated" time="0.000" /><testcase classname="tests.gpu.test_gpu_semantic_validation" name="test_gpu_kernel_rejects_host_function_calls" time="0.000" /><testcase classname="tests.gpu.test_gpu_semantic_validation" name="test_gpu_safe_structs_are_allowed_in_kernel_signatures" time="0.000" /><testcase classname="tests.gpu.test_gpu_type_safety" name="test_gpu_struct_with_unsupported_field_type_is_rejected" time="0.000" /><testcase classname="tests.gpu.test_gpu_type_safety" name="test_gpu_kernel_local_unsupported_type_is_rejected" time="0.000" /><testcase classname="tests.test_advanced_optimizations" name="test_ssa_construction" time="0.066" /><testcase classname="tests.test_advanced_optimizations" name="test_advanced_loop_optimizations" time="0.065" /><testcase classname="tests.test_advanced_optimizations" name="test_interprocedural_optimization" time="0.064" /><testcase classname="tests.test_advanced_optimizations" name="test_target_specific_optimization" time="0.065" /><testcase classname="tests.test_advanced_optimizations" name="test_profile_guided_optimization" time="0.065"><failure message="AssertionError: assert 96 == 4960&#10; +  where 96 = CompletedProcess(args=['/home/pedro/rust-projects/language/ASTRA/.venv/bin/python', '/tmp/pytest-of-pedro/pytest-30/test_profile_guided_optimizati0/pgo_test.py'], returncode=96, stdout='', stderr='').returncode">tmp_path = PosixPath('/tmp/pytest-of-pedro/pytest-30/test_profile_guided_optimizati0')

    def test_profile_guided_optimization(tmp_path: Path):
        """Test profile-guided optimization."""
        src = tmp_path / "pgo_test.arixa"
        out = tmp_path / "pgo_test.py"
        src.write_text(
            """
    fn hot_function(x Int) Int {
        mut result = 0;
        mut i = 0;
        while i &lt; x {
            result = result + i;
            i = i + 1;
        }
        return result;
    }
    
    fn cold_function(x Int) Int {
        return x * 2;
    }
    
    fn main() Int {
        hot = hot_function(100);
        cold = cold_function(5);
        return hot + cold;
    }
    """
        )
    
        build_enhanced(str(src), str(out), target="py", profile="release")
        cp = subprocess.run([sys.executable, str(out)], capture_output=True, text=True, timeout=5)
        # hot_function(100) = sum of 0-99 = 4950, cold_function(5) = 10, total = 4960
&gt;       assert cp.returncode == 4960
E       AssertionError: assert 96 == 4960
E        +  where 96 = CompletedProcess(args=['/home/pedro/rust-projects/language/ASTRA/.venv/bin/python', '/tmp/pytest-of-pedro/pytest-30/test_profile_guided_optimizati0/pgo_test.py'], returncode=96, stdout='', stderr='').returncode

tests/test_advanced_optimizations.py:154: AssertionError</failure></testcase><testcase classname="tests.test_advanced_optimizations" name="test_complete_optimization_pipeline" time="0.073" /><testcase classname="tests.test_advanced_optimizations" name="test_optimization_performance_comparison" time="0.214" /><testcase classname="tests.test_advanced_optimizations" name="test_optimization_correctness" time="0.255" /><testcase classname="tests.test_all_optimizations" name="test_comprehensive_optimization_pipeline" time="0.128" /><testcase classname="tests.test_all_optimizations" name="test_advanced_optimization_features" time="0.064"><failure message="AssertionError: assert 63 == 33&#10; +  where 63 = CompletedProcess(args=['/home/pedro/rust-projects/language/ASTRA/.venv/bin/python', '/tmp/pytest-of-pedro/pytest-30/test_advanced_optimization_fea0/gvn.py'], returncode=63, stdout='', stderr='').returncode">tmp_path = PosixPath('/tmp/pytest-of-pedro/pytest-30/test_advanced_optimization_fea0')

    def test_advanced_optimization_features(tmp_path: Path):
        """Test advanced optimization features."""
        # Test Global Value Numbering
        src_gvn = tmp_path / "gvn.arixa"
        out_gvn = tmp_path / "gvn.py"
        src_gvn.write_text(
            """
    fn test_gvn(x Int) Int {
        // Same expression computed multiple times
        a = x * 2 + 1;
        b = x * 2 + 1;  // Should reuse a
        c = x * 2 + 1;  # Should reuse a
        return a + b + c;
    }
    
    fn main() Int {
        return test_gvn(10);
    }
    """
        )
    
        build_enhanced(str(src_gvn), str(out_gvn), target="py", profile="release")
        cp_gvn = subprocess.run([sys.executable, str(out_gvn)], capture_output=True, text=True, timeout=5)
&gt;       assert cp_gvn.returncode == 33  # (10*2+1) * 3 = 21 * 3 = 63? Let's check
        ^^^^^^^^^^^^^^^^^^^^^^^^^^^^^^
E       AssertionError: assert 63 == 33
E        +  where 63 = CompletedProcess(args=['/home/pedro/rust-projects/language/ASTRA/.venv/bin/python', '/tmp/pytest-of-pedro/pytest-30/test_advanced_optimization_fea0/gvn.py'], returncode=63, stdout='', stderr='').returncode

tests/test_all_optimizations.py:99: AssertionError</failure></testcase><testcase classname="tests.test_all_optimizations" name="test_memory_optimizations" time="0.065" /><testcase classname="tests.test_all_optimizations" name="test_loop_optimizations_advanced" time="0.066" /><testcase classname="tests.test_all_optimizations" name="test_tail_call_optimization" time="0.064"><failure message="AssertionError: assert 208 == 720&#10; +  where 208 = CompletedProcess(args=['/home/pedro/rust-projects/language/ASTRA/.venv/bin/python', '/tmp/pytest-of-pedro/pytest-30/test_tail_call_optimization0/tailcall.py'], returncode=208, stdout='', stderr='').returncode">tmp_path = PosixPath('/tmp/pytest-of-pedro/pytest-30/test_tail_call_optimization0')

    def test_tail_call_optimization(tmp_path: Path):
        """Test tail call optimization."""
        src_tail = tmp_path / "tailcall.arixa"
        out_tail = tmp_path / "tailcall.py"
        src_tail.write_text(
            """
    fn factorial_tail(n Int, acc Int) Int {
        if n &lt;= 1 {
            return acc;
        }
        // This is a tail call
        return factorial_tail(n - 1, n * acc);
    }
    
    fn factorial(n Int) Int {
        return factorial_tail(n, 1);
    }
    
    fn main() Int {
        return factorial(6);
    }
    """
        )
    
        build_enhanced(str(src_tail), str(out_tail), target="py", profile="release")
        cp_tail = subprocess.run([sys.executable, str(out_tail)], capture_output=True, text=True, timeout=5)
&gt;       assert cp_tail.returncode == 720  # 6!
        ^^^^^^^^^^^^^^^^^^^^^^^^^^^^^^^^
E       AssertionError: assert 208 == 720
E        +  where 208 = CompletedProcess(args=['/home/pedro/rust-projects/language/ASTRA/.venv/bin/python', '/tmp/pytest-of-pedro/pytest-30/test_tail_call_optimization0/tailcall.py'], returncode=208, stdout='', stderr='').returncode

tests/test_all_optimizations.py:221: AssertionError</failure></testcase><testcase classname="tests.test_all_optimizations" name="test_branch_prediction_optimization" time="0.065" /><testcase classname="tests.test_all_optimizations" name="test_dead_branch_elimination_advanced" time="0.066" /><testcase classname="tests.test_all_optimizations" name="test_switch_optimization" time="0.064" /><testcase classname="tests.test_all_optimizations" name="test_performance_comparison" time="0.124" /><testcase classname="tests.test_astpm" name="test_astpm_search_uses_registry" time="0.002" /><testcase classname="tests.test_astpm" name="test_astpm_fetch_registry_uses_cache_fallback" time="0.004" /><testcase classname="tests.test_astpm" name="test_astpm_lock_resolves_semver_constraints" time="0.002" /><testcase classname="tests.test_astpm" name="test_astpm_lock_includes_transitive_dependencies" time="0.002" /><testcase classname="tests.test_astpm" name="test_astpm_add_remove_cycle" time="0.014" /><testcase classname="tests.test_astpm" name="test_import_resolution_uses_installed_package_cache" time="0.001" /><testcase classname="tests.test_astpm" name="test_import_resolution_prefers_lockfile_version" time="0.000" /><testcase classname="tests.test_astpm" name="test_build_with_dependency_auto_adds_native_link_flags" time="0.029" /><testcase classname="tests.test_astpm" name="test_build_uses_project_package_link_overrides" time="0.025" /><testcase classname="tests.test_astpm" name="test_astpm_verify_checks_cached_checksum" time="0.001" /><testcase classname="tests.test_build" name="test_build_py" time="0.023" /><testcase classname="tests.test_build" name="test_build_py_expands_serde_derives" time="0.064" /><testcase classname="tests.test_build" name="test_build_emit_ir" time="0.025" /><testcase classname="tests.test_build" name="test_native_missing_clang_reports_codegen_error" time="0.008" /><testcase classname="tests.test_build" name="test_build_native_accepts_sanitizer_flag" time="0.025" /><testcase classname="tests.test_build" name="test_build_rejects_sanitizer_for_non_native_targets" time="0.000" /><testcase classname="tests.test_build" name="test_build_cache_invalidates_when_imported_module_changes" time="0.055" /><testcase classname="tests.test_build" name="test_build_cache_invalidates_when_string_imported_module_changes" time="0.054" /><testcase classname="tests.test_build" name="test_build_py_can_call_functions_from_imported_module" time="0.065" /><testcase classname="tests.test_build" name="test_build_cache_invalidates_when_toolchain_stamp_changes" time="0.056" /><testcase classname="tests.test_build" name="test_build_strict_mode_does_not_reject_empty_blocks" time="0.025" /><testcase classname="tests.test_build" name="test_build_strict_mode_accepts_wildcard_pattern_in_match" time="0.025" /><testcase classname="tests.test_build" name="test_build_strict_mode_accepts_try_operator" time="0.024" /><testcase classname="tests.test_build" name="test_build_strict_mode_accepts_union_try_operator" time="0.025" /><testcase classname="tests.test_build" name="test_build_native_executable" time="0.085" /><testcase classname="tests.test_build" name="test_build_native_runtime_builtins_link_and_run" time="0.087" /><testcase classname="tests.test_build" name="test_build_native_runtime_panic_reports_message" time="0.085" /><testcase classname="tests.test_build" name="test_build_native_supports_async_struct_and_defer_loop" time="0.008"><failure message="astra.parser.ParseError: PARSE /tmp/pytest-of-pedro/pytest-30/test_build_native_supports_asy0/combo.astra:3:1: unexpected top-level token IDENT">tmp_path = PosixPath('/tmp/pytest-of-pedro/pytest-30/test_build_native_supports_asy0')

    @pytest.mark.skipif(
        shutil.which("clang") is None,
        reason="native target requires clang",
    )
    def test_build_native_supports_async_struct_and_defer_loop(tmp_path: Path):
        src = tmp_path / "combo.astra"
        out = tmp_path / "combo.exe"
        src.write_text(
            """
    struct Pair { a Int, b Int }
    async fn calc() Int{
      mut p = Pair(2, 3);
      p.a += 4;
      return p.a + p.b;
    }
    fn main() Int{
      mut i = 0;
      while i &lt; 2 {
        defer print("bye");
        i += 1;
      }
      return calc();
    }
    """
        )
&gt;       st = build(str(src), str(out), "native")
             ^^^^^^^^^^^^^^^^^^^^^^^^^^^^^^^^^^^

tests/test_build.py:349: 
_ _ _ _ _ _ _ _ _ _ _ _ _ _ _ _ _ _ _ _ _ _ _ _ _ _ _ _ _ _ _ _ _ _ _ _ _ _ _ _ _ _ _ _ _ _ _ _ _ _ _ _ _ _ _ _ _ _ _ _ _ _ _ _ _ _ _ _ _ _ _ _ _ _ _ _ _ _ _ _ _ _ _
astra/build.py:950: in build
    prog = parse(src, filename=str(src_file))
           ^^^^^^^^^^^^^^^^^^^^^^^^^^^^^^^^^^
astra/parser.py:1598: in parse
    return Parser(src, filename=filename).parse_program()
           ^^^^^^^^^^^^^^^^^^^^^^^^^^^^^^^^^^^^^^^^^^^^^^
_ _ _ _ _ _ _ _ _ _ _ _ _ _ _ _ _ _ _ _ _ _ _ _ _ _ _ _ _ _ _ _ _ _ _ _ _ _ _ _ _ _ _ _ _ _ _ _ _ _ _ _ _ _ _ _ _ _ _ _ _ _ _ _ _ _ _ _ _ _ _ _ _ _ _ _ _ _ _ _ _ _ _

self = &lt;astra.parser.Parser object at 0x7fbb6d8cb770&gt;

    def parse_program(self) -&gt; Program:
        """Parse the `program` grammar production from the token stream.
    
        Parameters:
            none
    
        Returns:
            Value described by the function return annotation.
        """
        items: list[Any] = []
        while self.cur().kind != "EOF":
            doc = self._consume_doc_comments()
            if self.cur().kind == "EOF":
                break
            if self.cur().kind == ";":
                self.i += 1
                continue
            try:
                item = self.parse_top_level(doc)
                if item is not None:
                    items.append(item)
            except ParseError:
                self.recover()
        if self.errors:
&gt;           raise ParseError("\n".join(self.errors))
E           astra.parser.ParseError: PARSE /tmp/pytest-of-pedro/pytest-30/test_build_native_supports_asy0/combo.astra:3:1: unexpected top-level token IDENT

astra/parser.py:288: ParseError</failure></testcase><testcase classname="tests.test_build" name="test_build_native_freestanding_runtime_free_program_links_without_runtime" time="0.039" /><testcase classname="tests.test_build" name="test_build_freestanding_rejects_runtime_builtins" time="0.008" /><testcase classname="tests.test_build" name="test_build_native_freestanding_requires_start_symbol" time="0.008" /><testcase classname="tests.test_build" name="test_build_exe_requires_main_for_hosted_targets" time="0.009" /><testcase classname="tests.test_build" name="test_build_kind_lib_allows_missing_main_and_skips_python_entrypoint" time="0.025" /><testcase classname="tests.test_build" name="test_build_kind_lib_freestanding_allows_missing_start" time="0.024" /><testcase classname="tests.test_build" name="test_build_freestanding_rejects_external_host_symbols" time="0.009" /><testcase classname="tests.test_build" name="test_build_freestanding_supports_vec_builtins_without_runtime_symbols" time="0.008"><failure message="astra.parser.ParseError: PARSE /tmp/pytest-of-pedro/pytest-30/test_build_freestanding_suppor0/vec_fs.astra:4:8: expected `;`&#10;PARSE /tmp/pytest-of-pedro/pytest-30/test_build_freestanding_suppor0/vec_fs.astra:5:8: expected `;`&#10;PARSE /tmp/pytest-of-pedro/pytest-30/test_build_freestanding_suppor0/vec_fs.astra:7:8: expected `;`">tmp_path = PosixPath('/tmp/pytest-of-pedro/pytest-30/test_build_freestanding_suppor0')

    def test_build_freestanding_supports_vec_builtins_without_runtime_symbols(tmp_path: Path):
        src = tmp_path / "vec_fs.astra"
        out = tmp_path / "vec_fs.ll"
        src.write_text(
            """
    fn _start() Int{
      mut v: Vec&lt;Int&gt; = vec_new() as Vec&lt;Int&gt;;
      drop vec_push(v, 40);
      drop vec_push(v, 2);
      got: Int? = vec_get(v, 1);
      drop vec_set(v, 0, 1);
      return vec_len(v) + (got ?? 0);
    }
    """
        )
&gt;       st = build(str(src), str(out), "llvm", freestanding=True)
             ^^^^^^^^^^^^^^^^^^^^^^^^^^^^^^^^^^^^^^^^^^^^^^^^^^^^

tests/test_build.py:458: 
_ _ _ _ _ _ _ _ _ _ _ _ _ _ _ _ _ _ _ _ _ _ _ _ _ _ _ _ _ _ _ _ _ _ _ _ _ _ _ _ _ _ _ _ _ _ _ _ _ _ _ _ _ _ _ _ _ _ _ _ _ _ _ _ _ _ _ _ _ _ _ _ _ _ _ _ _ _ _ _ _ _ _
astra/build.py:950: in build
    prog = parse(src, filename=str(src_file))
           ^^^^^^^^^^^^^^^^^^^^^^^^^^^^^^^^^^
astra/parser.py:1598: in parse
    return Parser(src, filename=filename).parse_program()
           ^^^^^^^^^^^^^^^^^^^^^^^^^^^^^^^^^^^^^^^^^^^^^^
_ _ _ _ _ _ _ _ _ _ _ _ _ _ _ _ _ _ _ _ _ _ _ _ _ _ _ _ _ _ _ _ _ _ _ _ _ _ _ _ _ _ _ _ _ _ _ _ _ _ _ _ _ _ _ _ _ _ _ _ _ _ _ _ _ _ _ _ _ _ _ _ _ _ _ _ _ _ _ _ _ _ _

self = &lt;astra.parser.Parser object at 0x7fbb6c4248a0&gt;

    def parse_program(self) -&gt; Program:
        """Parse the `program` grammar production from the token stream.
    
        Parameters:
            none
    
        Returns:
            Value described by the function return annotation.
        """
        items: list[Any] = []
        while self.cur().kind != "EOF":
            doc = self._consume_doc_comments()
            if self.cur().kind == "EOF":
                break
            if self.cur().kind == ";":
                self.i += 1
                continue
            try:
                item = self.parse_top_level(doc)
                if item is not None:
                    items.append(item)
            except ParseError:
                self.recover()
        if self.errors:
&gt;           raise ParseError("\n".join(self.errors))
E           astra.parser.ParseError: PARSE /tmp/pytest-of-pedro/pytest-30/test_build_freestanding_suppor0/vec_fs.astra:4:8: expected `;`
E           PARSE /tmp/pytest-of-pedro/pytest-30/test_build_freestanding_suppor0/vec_fs.astra:5:8: expected `;`
E           PARSE /tmp/pytest-of-pedro/pytest-30/test_build_freestanding_suppor0/vec_fs.astra:7:8: expected `;`

astra/parser.py:288: ParseError</failure></testcase><testcase classname="tests.test_build" name="test_build_freestanding_supports_array_literals_and_struct_constructors" time="0.026" /><testcase classname="tests.test_build" name="test_build_native_supports_non_runtime_builtins" time="0.008"><failure message="astra.parser.ParseError: PARSE /tmp/pytest-of-pedro/pytest-30/test_build_native_supports_non0/builtins.astra:3:8: expected `;`&#10;PARSE /tmp/pytest-of-pedro/pytest-30/test_build_native_supports_non0/builtins.astra:4:8: expected `;`&#10;PARSE /tmp/pytest-of-pedro/pytest-30/test_build_native_supports_non0/builtins.astra:5:8: expected `;`&#10;PARSE /tmp/pytest-of-pedro/pytest-30/test_build_native_supports_non0/builtins.astra:6:8: expected `;`&#10;PARSE /tmp/pytest-of-pedro/pytest-30/test_build_native_supports_non0/builtins.astra:7:8: expected `;`">tmp_path = PosixPath('/tmp/pytest-of-pedro/pytest-30/test_build_native_supports_non0')

    @pytest.mark.skipif(
        shutil.which("clang") is None,
        reason="native target requires clang",
    )
    def test_build_native_supports_non_runtime_builtins(tmp_path: Path):
        src = tmp_path / "builtins.astra"
        out = tmp_path / "builtins.exe"
        src.write_text(
            """
    fn main() Int{
      drop read_file("missing.txt");
      drop cwd();
      drop now_unix();
      drop monotonic_ms();
      drop len(1);
      return 0;
    }
    """
        )
&gt;       st = build(str(src), str(out), "native")
             ^^^^^^^^^^^^^^^^^^^^^^^^^^^^^^^^^^^

tests/test_build.py:504: 
_ _ _ _ _ _ _ _ _ _ _ _ _ _ _ _ _ _ _ _ _ _ _ _ _ _ _ _ _ _ _ _ _ _ _ _ _ _ _ _ _ _ _ _ _ _ _ _ _ _ _ _ _ _ _ _ _ _ _ _ _ _ _ _ _ _ _ _ _ _ _ _ _ _ _ _ _ _ _ _ _ _ _
astra/build.py:950: in build
    prog = parse(src, filename=str(src_file))
           ^^^^^^^^^^^^^^^^^^^^^^^^^^^^^^^^^^
astra/parser.py:1598: in parse
    return Parser(src, filename=filename).parse_program()
           ^^^^^^^^^^^^^^^^^^^^^^^^^^^^^^^^^^^^^^^^^^^^^^
_ _ _ _ _ _ _ _ _ _ _ _ _ _ _ _ _ _ _ _ _ _ _ _ _ _ _ _ _ _ _ _ _ _ _ _ _ _ _ _ _ _ _ _ _ _ _ _ _ _ _ _ _ _ _ _ _ _ _ _ _ _ _ _ _ _ _ _ _ _ _ _ _ _ _ _ _ _ _ _ _ _ _

self = &lt;astra.parser.Parser object at 0x7fbb6b7d49f0&gt;

    def parse_program(self) -&gt; Program:
        """Parse the `program` grammar production from the token stream.
    
        Parameters:
            none
    
        Returns:
            Value described by the function return annotation.
        """
        items: list[Any] = []
        while self.cur().kind != "EOF":
            doc = self._consume_doc_comments()
            if self.cur().kind == "EOF":
                break
            if self.cur().kind == ";":
                self.i += 1
                continue
            try:
                item = self.parse_top_level(doc)
                if item is not None:
                    items.append(item)
            except ParseError:
                self.recover()
        if self.errors:
&gt;           raise ParseError("\n".join(self.errors))
E           astra.parser.ParseError: PARSE /tmp/pytest-of-pedro/pytest-30/test_build_native_supports_non0/builtins.astra:3:8: expected `;`
E           PARSE /tmp/pytest-of-pedro/pytest-30/test_build_native_supports_non0/builtins.astra:4:8: expected `;`
E           PARSE /tmp/pytest-of-pedro/pytest-30/test_build_native_supports_non0/builtins.astra:5:8: expected `;`
E           PARSE /tmp/pytest-of-pedro/pytest-30/test_build_native_supports_non0/builtins.astra:6:8: expected `;`
E           PARSE /tmp/pytest-of-pedro/pytest-30/test_build_native_supports_non0/builtins.astra:7:8: expected `;`

astra/parser.py:288: ParseError</failure></testcase><testcase classname="tests.test_build" name="test_build_native_supports_string_concatenation" time="0.085" /><testcase classname="tests.test_build" name="test_build_native_json_roundtrip_keeps_map_and_list_shapes" time="0.094" /><testcase classname="tests.test_build" name="test_build_native_supports_array_index_get_and_coalesce" time="0.089" /><testcase classname="tests.test_build" name="test_build_native_supports_layout_queries" time="0.085" /><testcase classname="tests.test_build" name="test_build_native_shift_out_of_range_traps" time="0.151" /><testcase classname="tests.test_build" name="test_build_native_supports_packed_struct_bitfield_ops" time="0.089"><failure message="AssertionError: assert 7 == 17&#10; +  where 7 = CompletedProcess(args=['/tmp/pytest-of-pedro/pytest-30/test_build_native_supports_pac0/packed.exe'], returncode=7, stdout='', stderr='').returncode">tmp_path = PosixPath('/tmp/pytest-of-pedro/pytest-30/test_build_native_supports_pac0')

    @pytest.mark.skipif(
        shutil.which("clang") is None,
        reason="native target requires clang",
    )
    def test_build_native_supports_packed_struct_bitfield_ops(tmp_path: Path):
        src = tmp_path / "packed.astra"
        out = tmp_path / "packed.exe"
        src.write_text(
            """
    @packed struct Header { a: u4, b: u3, c: u1, d: u8 }
    fn main() Int{
      mut h = Header(3u4, 5u3, 1u1, 9u8);
      h.a += 1u4;
      h.d = 7u8;
      return (h.a as Int) + (h.b as Int) + (h.c as Int) + (h.d as Int);
    }
    """
        )
        st = build(str(src), str(out), "native")
        assert st in {"built", "cached"}
        cp = subprocess.run([str(out)], capture_output=True, text=True)
&gt;       assert cp.returncode == 17
E       AssertionError: assert 7 == 17
E        +  where 7 = CompletedProcess(args=['/tmp/pytest-of-pedro/pytest-30/test_build_native_supports_pac0/packed.exe'], returncode=7, stdout='', stderr='').returncode

tests/test_build.py:651: AssertionError</failure></testcase><testcase classname="tests.test_build" name="test_build_native_supports_packed_struct_fields_above_64_bits" time="0.094"><failure message="AssertionError: assert 14 == 16&#10; +  where 14 = CompletedProcess(args=['/tmp/pytest-of-pedro/pytest-30/test_build_native_supports_pac1/packed_wide.exe'], returncode=14, stdout='', stderr='').returncode">tmp_path = PosixPath('/tmp/pytest-of-pedro/pytest-30/test_build_native_supports_pac1')

    @pytest.mark.skipif(
        shutil.which("clang") is None,
        reason="native target requires clang",
    )
    def test_build_native_supports_packed_struct_fields_above_64_bits(tmp_path: Path):
        src = tmp_path / "packed_wide.astra"
        out = tmp_path / "packed_wide.exe"
        src.write_text(
            """
    @packed struct Wide {
      pad: u7,
      big: u128,
      tail: u1,
    }
    fn main() Int{
      mut w = Wide(1u7, 5u128, 1u1);
      w.big += 2u128;
      w.big &lt;&lt;= 1u128;
      return (w.pad as Int) + (w.big as Int) + (w.tail as Int);
    }
    """
        )
        st = build(str(src), str(out), "native")
        assert st in {"built", "cached"}
        cp = subprocess.run([str(out)], capture_output=True, text=True)
&gt;       assert cp.returncode == 16
E       AssertionError: assert 14 == 16
E        +  where 14 = CompletedProcess(args=['/tmp/pytest-of-pedro/pytest-30/test_build_native_supports_pac1/packed_wide.exe'], returncode=14, stdout='', stderr='').returncode

tests/test_build.py:679: AssertionError</failure></testcase><testcase classname="tests.test_build" name="test_build_llvm_supports_packed_struct_fields_above_64_bits" time="0.030" /><testcase classname="tests.test_build" name="test_build_native_supports_extended_runtime_builtins" time="0.009"><failure message="astra.parser.ParseError: PARSE /tmp/pytest-of-pedro/pytest-30/test_build_native_supports_ext0/runtime_ext.astra:4:8: expected `;`&#10;PARSE /tmp/pytest-of-pedro/pytest-30/test_build_native_supports_ext0/runtime_ext.astra:5:8: expected `;`&#10;PARSE /tmp/pytest-of-pedro/pytest-30/test_build_native_supports_ext0/runtime_ext.astra:10:8: expected `;`&#10;PARSE /tmp/pytest-of-pedro/pytest-30/test_build_native_supports_ext0/runtime_ext.astra:11:8: expected `;`&#10;PARSE /tmp/pytest-of-pedro/pytest-30/test_build_native_supports_ext0/runtime_ext.astra:14:8: expected `;`&#10;PARSE /tmp/pytest-of-pedro/pytest-30/test_build_native_supports_ext0/runtime_ext.astra:17:8: expected `;`&#10;PARSE /tmp/pytest-of-pedro/pytest-30/test_build_native_supports_ext0/runtime_ext.astra:27:8: expected `;`&#10;PARSE /tmp/pytest-of-pedro/pytest-30/test_build_native_supports_ext0/runtime_ext.astra:28:8: expected `;`&#10;PARSE /tmp/pytest-of-pedro/pytest-30/test_build_native_supports_ext0/runtime_ext.astra:29:8: expected `;`&#10;PARSE /tmp/pytest-of-pedro/pytest-30/test_build_native_supports_ext0/runtime_ext.astra:30:8: expected `;`&#10;PARSE /tmp/pytest-of-pedro/pytest-30/test_build_native_supports_ext0/runtime_ext.astra:35:8: expected `;`&#10;PARSE /tmp/pytest-of-pedro/pytest-30/test_build_native_supports_ext0/runtime_ext.astra:44:8: expected `;`&#10;PARSE /tmp/pytest-of-pedro/pytest-30/test_build_native_supports_ext0/runtime_ext.astra:45:8: expected `;`">tmp_path = PosixPath('/tmp/pytest-of-pedro/pytest-30/test_build_native_supports_ext0')

    @pytest.mark.skipif(
        shutil.which("clang") is None,
        reason="native target requires clang",
    )
    def test_build_native_supports_extended_runtime_builtins(tmp_path: Path):
        src = tmp_path / "runtime_ext.astra"
        out = tmp_path / "runtime_ext.exe"
        tmpf = tmp_path / "io.txt"
        src.write_text(
            f"""
    fn worker(x Int) Int{{ return x + 1; }}
    fn main() Int{{
      drop args();
      drop arg(0);
      t = spawn(worker, 1);
      tj = join(t) as Int;
    
      xs = list_new();
      drop list_push(xs, 11);
      drop list_push(xs, 22);
      a = list_len(xs);
      b = list_get(xs, 1) as Int;
      drop list_set(xs, 0, 5);
    
      m = map_new();
      drop map_set(m, 7, 9);
      mh = map_has(m, 7);
      mg = map_get(m, 7) as Int;
      mut bh = 0;
      if mh {{
        bh = 1;
      }}
    
      js = to_json(123);
      n = from_json(js) as Int;
      drop sha256(\"abc\");
      drop hmac_sha256(\"k\", \"v\");
      drop env_get(\"HOME\");
      drop cwd();
    
      wf = write_file(\"{tmpf}\", \"x\");
      rf = len(read_file(\"{tmpf}\"));
      ex1 = file_exists(\"{tmpf}\") as Int;
      drop file_remove(\"{tmpf}\");
      ex2 = file_exists(\"{tmpf}\") as Int;
    
      tc = tcp_connect(\"127.0.0.1:1\");
      ts = tcp_send(tc, \"x\");
      tr = len(tcp_recv(tc, 8));
      tcl = tcp_close(tc);
    
      pr = proc_run(\"true\");
      drop now_unix();
      drop monotonic_ms();
      sl = sleep_ms(1);
    
      return a + b + bh + mg + n + wf + rf + ex1 + ex2 + tj + tc + ts + tr + tcl + pr + sl;
    }}
    """
        )
&gt;       st = build(str(src), str(out), "native")
             ^^^^^^^^^^^^^^^^^^^^^^^^^^^^^^^^^^^

tests/test_build.py:767: 
_ _ _ _ _ _ _ _ _ _ _ _ _ _ _ _ _ _ _ _ _ _ _ _ _ _ _ _ _ _ _ _ _ _ _ _ _ _ _ _ _ _ _ _ _ _ _ _ _ _ _ _ _ _ _ _ _ _ _ _ _ _ _ _ _ _ _ _ _ _ _ _ _ _ _ _ _ _ _ _ _ _ _
astra/build.py:950: in build
    prog = parse(src, filename=str(src_file))
           ^^^^^^^^^^^^^^^^^^^^^^^^^^^^^^^^^^
astra/parser.py:1598: in parse
    return Parser(src, filename=filename).parse_program()
           ^^^^^^^^^^^^^^^^^^^^^^^^^^^^^^^^^^^^^^^^^^^^^^
_ _ _ _ _ _ _ _ _ _ _ _ _ _ _ _ _ _ _ _ _ _ _ _ _ _ _ _ _ _ _ _ _ _ _ _ _ _ _ _ _ _ _ _ _ _ _ _ _ _ _ _ _ _ _ _ _ _ _ _ _ _ _ _ _ _ _ _ _ _ _ _ _ _ _ _ _ _ _ _ _ _ _

self = &lt;astra.parser.Parser object at 0x7fbb6e2b67b0&gt;

    def parse_program(self) -&gt; Program:
        """Parse the `program` grammar production from the token stream.
    
        Parameters:
            none
    
        Returns:
            Value described by the function return annotation.
        """
        items: list[Any] = []
        while self.cur().kind != "EOF":
            doc = self._consume_doc_comments()
            if self.cur().kind == "EOF":
                break
            if self.cur().kind == ";":
                self.i += 1
                continue
            try:
                item = self.parse_top_level(doc)
                if item is not None:
                    items.append(item)
            except ParseError:
                self.recover()
        if self.errors:
&gt;           raise ParseError("\n".join(self.errors))
E           astra.parser.ParseError: PARSE /tmp/pytest-of-pedro/pytest-30/test_build_native_supports_ext0/runtime_ext.astra:4:8: expected `;`
E           PARSE /tmp/pytest-of-pedro/pytest-30/test_build_native_supports_ext0/runtime_ext.astra:5:8: expected `;`
E           PARSE /tmp/pytest-of-pedro/pytest-30/test_build_native_supports_ext0/runtime_ext.astra:10:8: expected `;`
E           PARSE /tmp/pytest-of-pedro/pytest-30/test_build_native_supports_ext0/runtime_ext.astra:11:8: expected `;`
E           PARSE /tmp/pytest-of-pedro/pytest-30/test_build_native_supports_ext0/runtime_ext.astra:14:8: expected `;`
E           PARSE /tmp/pytest-of-pedro/pytest-30/test_build_native_supports_ext0/runtime_ext.astra:17:8: expected `;`
E           PARSE /tmp/pytest-of-pedro/pytest-30/test_build_native_supports_ext0/runtime_ext.astra:27:8: expected `;`
E           PARSE /tmp/pytest-of-pedro/pytest-30/test_build_native_supports_ext0/runtime_ext.astra:28:8: expected `;`
E           PARSE /tmp/pytest-of-pedro/pytest-30/test_build_native_supports_ext0/runtime_ext.astra:29:8: expected `;`
E           PARSE /tmp/pytest-of-pedro/pytest-30/test_build_native_supports_ext0/runtime_ext.astra:30:8: expected `;`
E           PARSE /tmp/pytest-of-pedro/pytest-30/test_build_native_supports_ext0/runtime_ext.astra:35:8: expected `;`
E           PARSE /tmp/pytest-of-pedro/pytest-30/test_build_native_supports_ext0/runtime_ext.astra:44:8: expected `;`
E           PARSE /tmp/pytest-of-pedro/pytest-30/test_build_native_supports_ext0/runtime_ext.astra:45:8: expected `;`

astra/parser.py:288: ParseError</failure></testcase><testcase classname="tests.test_build" name="test_build_native_tcp_runtime_roundtrip" time="0.087" /><testcase classname="tests.test_build" name="test_build_native_supports_float_mod" time="0.086" /><testcase classname="tests.test_build" name="test_build_native_supports_i128_hard_ops_with_runtime_helpers" time="0.086" /><testcase classname="tests.test_build" name="test_resolve_overflow_mode_profile_defaults" time="0.000" /><testcase classname="tests.test_build" name="test_build_cache_key_includes_profile_and_overflow" time="0.091" /><testcase classname="tests.test_cast_semantics" name="test_cast_semantics_widening" time="0.002" /><testcase classname="tests.test_cast_semantics" name="test_cast_semantics_narrowing" time="0.001" /><testcase classname="tests.test_cast_semantics" name="test_cast_boundary_values" time="0.001" /><testcase classname="tests.test_cast_semantics" name="test_implicit_coercion_rejection" time="0.000"><failure message="Failed: DID NOT RAISE &lt;class 'astra.semantic.SemanticError'&gt;">def test_implicit_coercion_rejection():
        """Test that implicit coercions are properly rejected."""
    
        # u32 -&gt; u16 should be rejected without explicit cast
        with pytest.raises(SemanticError):
            parse_and_analyze("""
            fn test_u32_to_u16() u16 {
                 x: u32 = 1000;
                 y: u16 = x;  // Should be rejected
                return y;
            }
            """)
    
        # i32 -&gt; u32 should be rejected without explicit cast
&gt;       with pytest.raises(SemanticError):
             ^^^^^^^^^^^^^^^^^^^^^^^^^^^^
E       Failed: DID NOT RAISE &lt;class 'astra.semantic.SemanticError'&gt;

tests/test_cast_semantics.py:122: Failed</failure></testcase><testcase classname="tests.test_check" name="test_check_emits_structured_type_mismatch_diagnostic_with_notes" time="0.001" /><testcase classname="tests.test_check" name="test_check_collects_multiple_semantic_errors" time="0.000" /><testcase classname="tests.test_check" name="test_check_reports_lex_error_with_phase_code_and_span" time="0.000" /><testcase classname="tests.test_check" name="test_check_reports_parse_error_with_phase_code_and_span" time="0.000" /><testcase classname="tests.test_check" name="test_check_reports_c_style_for_as_parse_error" time="0.000" /><testcase classname="tests.test_check" name="test_check_reports_missing_semicolon_with_fixit" time="0.000" /><testcase classname="tests.test_check" name="test_check_reports_typo_with_edit_distance_suggestion" time="0.001" /><testcase classname="tests.test_check" name="test_check_emits_multi_location_note_for_assignment_mismatch" time="0.000" /><testcase classname="tests.test_check" name="test_check_json_payload_contains_required_fields" time="0.000" /><testcase classname="tests.test_check" name="test_check_formats_diagnostic_in_rust_like_style" time="0.000" /><testcase classname="tests.test_check" name="test_check_reports_non_exhaustive_enum_match_with_suggestion" time="0.001" /><testcase classname="tests.test_cli" name="test_cli_check_ok" time="0.078" /><testcase classname="tests.test_cli" name="test_cli_check_fails_on_semantic_error" time="0.081" /><testcase classname="tests.test_cli" name="test_cli_build_emit_ir" time="0.106" /><testcase classname="tests.test_cli" name="test_cli_build_accepts_profile_and_overflow_flags" time="0.104" /><testcase classname="tests.test_cli" name="test_cli_check_freestanding_without_main" time="0.077" /><testcase classname="tests.test_cli" name="test_cli_check_hosted_without_main_is_allowed" time="0.077" /><testcase classname="tests.test_cli" name="test_cli_check_accepts_overflow_flag" time="0.078" /><testcase classname="tests.test_cli" name="test_cli_build_freestanding_llvm" time="0.110" /><testcase classname="tests.test_cli" name="test_cli_build_kind_lib_allows_no_entrypoint" time="0.109" /><testcase classname="tests.test_cli" name="test_cli_build_native_executable" time="0.170" /><testcase classname="tests.test_cli" name="test_cli_build_accepts_triple_for_llvm" time="0.109" /><testcase classname="tests.test_cli" name="test_cli_selfhost_is_honestly_labeled_unavailable" time="0.079" /><testcase classname="tests.test_cli" name="test_cli_check_stdin_json_reports_stable_codes" time="0.079" /><testcase classname="tests.test_cli" name="test_cli_check_files_mode_reports_errors" time="0.079" /><testcase classname="tests.test_cli" name="test_cli_fmt_and_doc_subcommands" time="0.225" /><testcase classname="tests.test_cli" name="test_cli_fmt_check_without_files_discovers_workspace_astra_files" time="0.234" /><testcase classname="tests.test_coalesce_runtime" name="test_coalesce_short_circuits_when_some" time="0.174" /><testcase classname="tests.test_coalesce_runtime" name="test_coalesce_evaluates_rhs_when_none" time="0.149" /><testcase classname="tests.test_compilation_complex" name="test_complex_program_python_build_contains_precomputed_constants" time="0.100" /><testcase classname="tests.test_compilation_complex" name="test_complex_program_llvm_ir_shape" time="0.026" /><testcase classname="tests.test_compilation_complex" name="test_llvm_if_program_is_valid" time="0.025" /><testcase classname="tests.test_compilation_complex" name="test_llvm_algebraic_program_is_valid" time="0.024" /><testcase classname="tests.test_compilation_complex" name="test_mutable_loop_variable_is_not_const_propagated" time="0.088" /><testcase classname="tests.test_compiler_capabilities" name="test_spawn_builtin_semantic_ok" time="0.000" /><testcase classname="tests.test_compiler_capabilities" name="test_memory_builtins_semantic_ok" time="0.000" /><testcase classname="tests.test_compiler_capabilities" name="test_codegen_includes_thread_runtime_helpers" time="0.000" /><testcase classname="tests.test_compiler_capabilities" name="test_codegen_includes_memory_runtime_helpers" time="0.000" /><testcase classname="tests.test_compiler_capabilities" name="test_struct_literal_and_type_annotation_semantics_are_supported" time="0.000" /><testcase classname="tests.test_compiler_capabilities" name="test_python_codegen_supports_struct_literal_and_type_annotation" time="0.004" /><testcase classname="tests.test_compiler_capabilities" name="test_llvm_codegen_supports_struct_literal_and_type_annotation" time="0.001" /><testcase classname="tests.test_compiler_capabilities" name="test_python_codegen_emits_width_aware_bit_intrinsic_calls" time="0.000" /><testcase classname="tests.test_compiler_capabilities" name="test_python_codegen_freestanding_has_no_auto_main" time="0.000" /><testcase classname="tests.test_compiler_capabilities" name="test_python_codegen_coalesce_operator" time="0.000" /><testcase classname="tests.test_compiler_capabilities" name="test_defer_executes_on_return" time="0.064" /><testcase classname="tests.test_compiler_capabilities" name="test_specialization_codegen_uses_most_specific_impl" time="0.064" /><testcase classname="tests.test_compiler_capabilities" name="test_llvm_ir_has_runtime_entry_and_main" time="0.001" /><testcase classname="tests.test_compiler_capabilities" name="test_llvm_ir_freestanding_has_start" time="0.000" /><testcase classname="tests.test_compiler_capabilities" name="test_llvm_build_writes_expected_ir" time="0.026" /><testcase classname="tests.test_compiler_capabilities" name="test_llvm_supports_overflow_mode_variants" time="0.002" /><testcase classname="tests.test_compiler_capabilities" name="test_llvm_packed_struct_fields_lower_with_bit_ops" time="0.002" /><testcase classname="tests.test_compiler_capabilities" name="test_llvm_packed_struct_fields_above_64_bits_lower_with_wide_windows" time="0.006" /><testcase classname="tests.test_compiler_capabilities" name="test_llvm_valid_surface_program_does_not_report_unsupported_diagnostics" time="0.008" /><testcase classname="tests.test_compiler_capabilities" name="test_llvm_shift_ops_emit_runtime_range_guards" time="0.001" /><testcase classname="tests.test_compiler_capabilities" name="test_llvm_int_divrem_emit_runtime_guards" time="0.001" /><testcase classname="tests.test_compiler_capabilities" name="test_llvm_float_to_int_casts_use_saturating_intrinsics" time="0.001" /><testcase classname="tests.test_compiler_capabilities" name="test_llvm_lowering_covers_extended_runtime_builtins" time="0.000"><failure message="astra.parser.ParseError: PARSE &lt;input&gt;:5:8: expected `;`&#10;PARSE &lt;input&gt;:6:8: expected `;`&#10;PARSE &lt;input&gt;:7:8: expected `;`&#10;PARSE &lt;input&gt;:8:8: expected `;`&#10;PARSE &lt;input&gt;:10:8: expected `;`&#10;PARSE &lt;input&gt;:11:8: expected `;`&#10;PARSE &lt;input&gt;:12:8: expected `;`&#10;PARSE &lt;input&gt;:13:8: expected `;`&#10;PARSE &lt;input&gt;:15:8: expected `;`&#10;PARSE &lt;input&gt;:16:8: expected `;`&#10;PARSE &lt;input&gt;:17:8: expected `;`&#10;PARSE &lt;input&gt;:18:8: expected `;`&#10;PARSE &lt;input&gt;:19:8: expected `;`&#10;PARSE &lt;input&gt;:20:8: expected `;`&#10;PARSE &lt;input&gt;:21:8: expected `;`&#10;PARSE &lt;input&gt;:22:8: expected `;`&#10;PARSE &lt;input&gt;:23:8: expected `;`&#10;PARSE &lt;input&gt;:24:8: expected `;`&#10;PARSE &lt;input&gt;:25:8: expected `;`&#10;PARSE &lt;input&gt;:26:8: expected `;`&#10;PARSE &lt;input&gt;:27:8: expected `;`&#10;PARSE &lt;input&gt;:28:8: expected `;`&#10;PARSE &lt;input&gt;:29:8: expected `;`&#10;PARSE &lt;input&gt;:30:8: expected `;`&#10;PARSE &lt;input&gt;:31:8: expected `;`&#10;PARSE &lt;input&gt;:32:8: expected `;`&#10;PARSE &lt;input&gt;:33:8: expected `;`&#10;PARSE &lt;input&gt;:34:8: expected `;`&#10;PARSE &lt;input&gt;:35:8: expected `;`">def test_llvm_lowering_covers_extended_runtime_builtins():
        src = """
    fn worker(x Int) Int{ return x + 1; }
    fn main() Int{
      t = spawn(worker, 1);
      drop join(t);
      drop await_result(1);
      drop args();
      drop arg(0);
      xs = list_new();
      drop list_push(xs, 1);
      drop list_set(xs, 0, 2);
      drop list_get(xs, 0);
      drop list_len(xs);
      m = map_new();
      drop map_set(m, 1, 2);
      drop map_has(m, 1);
      drop map_get(m, 1);
      drop read_file("missing.txt");
      drop write_file("tmp.txt", "x");
      drop file_exists("tmp.txt");
      drop file_remove("tmp.txt");
      drop tcp_connect("127.0.0.1:1");
      drop tcp_send(0, "x");
      drop tcp_recv(0, 8);
      drop tcp_close(0);
      drop to_json(1);
      drop from_json("1");
      drop sha256("abc");
      drop hmac_sha256("k", "v");
      drop env_get("HOME");
      drop cwd();
      drop proc_run("true");
      drop now_unix();
      drop monotonic_ms();
      drop sleep_ms(1);
      return 0;
    }
    """
&gt;       mod = to_llvm_ir(parse(src))
                         ^^^^^^^^^^

tests/test_compiler_capabilities.py:305: 
_ _ _ _ _ _ _ _ _ _ _ _ _ _ _ _ _ _ _ _ _ _ _ _ _ _ _ _ _ _ _ _ _ _ _ _ _ _ _ _ _ _ _ _ _ _ _ _ _ _ _ _ _ _ _ _ _ _ _ _ _ _ _ _ _ _ _ _ _ _ _ _ _ _ _ _ _ _ _ _ _ _ _
astra/parser.py:1598: in parse
    return Parser(src, filename=filename).parse_program()
           ^^^^^^^^^^^^^^^^^^^^^^^^^^^^^^^^^^^^^^^^^^^^^^
_ _ _ _ _ _ _ _ _ _ _ _ _ _ _ _ _ _ _ _ _ _ _ _ _ _ _ _ _ _ _ _ _ _ _ _ _ _ _ _ _ _ _ _ _ _ _ _ _ _ _ _ _ _ _ _ _ _ _ _ _ _ _ _ _ _ _ _ _ _ _ _ _ _ _ _ _ _ _ _ _ _ _

self = &lt;astra.parser.Parser object at 0x7fbb6bf46120&gt;

    def parse_program(self) -&gt; Program:
        """Parse the `program` grammar production from the token stream.
    
        Parameters:
            none
    
        Returns:
            Value described by the function return annotation.
        """
        items: list[Any] = []
        while self.cur().kind != "EOF":
            doc = self._consume_doc_comments()
            if self.cur().kind == "EOF":
                break
            if self.cur().kind == ";":
                self.i += 1
                continue
            try:
                item = self.parse_top_level(doc)
                if item is not None:
                    items.append(item)
            except ParseError:
                self.recover()
        if self.errors:
&gt;           raise ParseError("\n".join(self.errors))
E           astra.parser.ParseError: PARSE &lt;input&gt;:5:8: expected `;`
E           PARSE &lt;input&gt;:6:8: expected `;`
E           PARSE &lt;input&gt;:7:8: expected `;`
E           PARSE &lt;input&gt;:8:8: expected `;`
E           PARSE &lt;input&gt;:10:8: expected `;`
E           PARSE &lt;input&gt;:11:8: expected `;`
E           PARSE &lt;input&gt;:12:8: expected `;`
E           PARSE &lt;input&gt;:13:8: expected `;`
E           PARSE &lt;input&gt;:15:8: expected `;`
E           PARSE &lt;input&gt;:16:8: expected `;`
E           PARSE &lt;input&gt;:17:8: expected `;`
E           PARSE &lt;input&gt;:18:8: expected `;`
E           PARSE &lt;input&gt;:19:8: expected `;`
E           PARSE &lt;input&gt;:20:8: expected `;`
E           PARSE &lt;input&gt;:21:8: expected `;`
E           PARSE &lt;input&gt;:22:8: expected `;`
E           PARSE &lt;input&gt;:23:8: expected `;`
E           PARSE &lt;input&gt;:24:8: expected `;`
E           PARSE &lt;input&gt;:25:8: expected `;`
E           PARSE &lt;input&gt;:26:8: expected `;`
E           PARSE &lt;input&gt;:27:8: expected `;`
E           PARSE &lt;input&gt;:28:8: expected `;`
E           PARSE &lt;input&gt;:29:8: expected `;`
E           PARSE &lt;input&gt;:30:8: expected `;`
E           PARSE &lt;input&gt;:31:8: expected `;`
E           PARSE &lt;input&gt;:32:8: expected `;`
E           PARSE &lt;input&gt;:33:8: expected `;`
E           PARSE &lt;input&gt;:34:8: expected `;`
E           PARSE &lt;input&gt;:35:8: expected `;`

astra/parser.py:288: ParseError</failure></testcase><testcase classname="tests.test_compiler_capabilities" name="test_llvm_cross_target_emission" time="0.001" /><testcase classname="tests.test_compiler_capabilities" name="test_join_of_unknown_tid_allowed_semantically" time="0.000" /><testcase classname="tests.test_compiler_capabilities" name="test_semantic_allows_module_without_main" time="0.000" /><testcase classname="tests.test_compiler_capabilities" name="test_selfhost_source_compiles_to_python" time="0.026" /><testcase classname="tests.test_compiler_capabilities" name="test_thread_calls_emit_in_python_output" time="0.000" /><testcase classname="tests.test_compiler_capabilities" name="test_llvm_any_casts_use_runtime_box_unbox_helpers" time="0.000"><failure message="astra.parser.ParseError: PARSE &lt;input&gt;:7:8: expected `;`&#10;PARSE &lt;input&gt;:8:8: expected `;`">def test_llvm_any_casts_use_runtime_box_unbox_helpers():
        src = """
    fn main() Int{
      x: Any = 7;
      y: Int = x as Int;
      s: Any = "ok";
      s2: String = s as String;
      drop len(s2);
      drop to_json(s);
      return y;
    }
    """
&gt;       mod = to_llvm_ir(parse(src))
                         ^^^^^^^^^^

tests/test_compiler_capabilities.py:378: 
_ _ _ _ _ _ _ _ _ _ _ _ _ _ _ _ _ _ _ _ _ _ _ _ _ _ _ _ _ _ _ _ _ _ _ _ _ _ _ _ _ _ _ _ _ _ _ _ _ _ _ _ _ _ _ _ _ _ _ _ _ _ _ _ _ _ _ _ _ _ _ _ _ _ _ _ _ _ _ _ _ _ _
astra/parser.py:1598: in parse
    return Parser(src, filename=filename).parse_program()
           ^^^^^^^^^^^^^^^^^^^^^^^^^^^^^^^^^^^^^^^^^^^^^^
_ _ _ _ _ _ _ _ _ _ _ _ _ _ _ _ _ _ _ _ _ _ _ _ _ _ _ _ _ _ _ _ _ _ _ _ _ _ _ _ _ _ _ _ _ _ _ _ _ _ _ _ _ _ _ _ _ _ _ _ _ _ _ _ _ _ _ _ _ _ _ _ _ _ _ _ _ _ _ _ _ _ _

self = &lt;astra.parser.Parser object at 0x7fbb6b414600&gt;

    def parse_program(self) -&gt; Program:
        """Parse the `program` grammar production from the token stream.
    
        Parameters:
            none
    
        Returns:
            Value described by the function return annotation.
        """
        items: list[Any] = []
        while self.cur().kind != "EOF":
            doc = self._consume_doc_comments()
            if self.cur().kind == "EOF":
                break
            if self.cur().kind == ";":
                self.i += 1
                continue
            try:
                item = self.parse_top_level(doc)
                if item is not None:
                    items.append(item)
            except ParseError:
                self.recover()
        if self.errors:
&gt;           raise ParseError("\n".join(self.errors))
E           astra.parser.ParseError: PARSE &lt;input&gt;:7:8: expected `;`
E           PARSE &lt;input&gt;:8:8: expected `;`

astra/parser.py:288: ParseError</failure></testcase><testcase classname="tests.test_compiler_capabilities" name="test_memory_use_after_free_is_semantic_error" time="0.000" /><testcase classname="tests.test_compiler_capabilities" name="test_memory_double_free_is_semantic_error" time="0.000" /><testcase classname="tests.test_compiler_capabilities" name="test_memory_move_semantics_for_owned_handles" time="0.000" /><testcase classname="tests.test_compiler_capabilities" name="test_memory_leak_detection_is_semantic_error" time="0.000" /><testcase classname="tests.test_compiler_capabilities" name="test_break_outside_loop_is_semantic_error" time="0.000" /><testcase classname="tests.test_compiler_capabilities" name="test_return_type_mismatch_is_semantic_error" time="0.000" /><testcase classname="tests.test_compiler_capabilities" name="test_non_exhaustive_bool_match_is_semantic_error" time="0.000" /><testcase classname="tests.test_compiler_capabilities" name="test_for_in_is_lowered_with_index_step_codegen" time="0.025" /><testcase classname="tests.test_compiler_capabilities" name="test_match_codegen_executes_branch" time="0.075" /><testcase classname="tests.test_compiler_capabilities" name="test_emit_ir_writes_llvm_text" time="0.026" /><testcase classname="tests.test_compiler_capabilities" name="test_runtime_c_exports_i128_helper_symbols" time="0.000" /><testcase classname="tests.test_compiler_capabilities" name="test_runtime_c_exports_extended_builtin_symbols" time="0.000" /><testcase classname="tests.test_comptime" name="test_parse_comptime_block" time="0.000" /><testcase classname="tests.test_comptime" name="test_comptime_evaluates_function_calls_and_loops" time="0.089" /><testcase classname="tests.test_comptime" name="test_comptime_alloc_free" time="0.000" /><testcase classname="tests.test_comptime" name="test_comptime_no_io_allowed" time="0.010" /><testcase classname="tests.test_comptime" name="test_comptime_match_is_evaluated" time="0.087" /><testcase classname="tests.test_comptime" name="test_comptime_supports_indirect_function_calls" time="0.090" /><testcase classname="tests.test_comptime" name="test_comptime_skips_non_escaping_runtime_materialization" time="0.025" /><testcase classname="tests.test_comptime" name="test_comptime_try_operator_reports_current_syntax" time="0.009" /><testcase classname="tests.test_comptime" name="test_comptime_bans_time_builtins_for_determinism" time="0.008" /><testcase classname="tests.test_correctness_fixes" name="test_nan_comparison_equality" time="0.001" /><testcase classname="tests.test_correctness_fixes" name="test_nan_comparison_inequality" time="0.001" /><testcase classname="tests.test_correctness_fixes" name="test_extern_function_abi_attributes" time="0.001" /><testcase classname="tests.test_correctness_fixes" name="test_boolean_coercion_rejection" time="0.000" /><testcase classname="tests.test_correctness_fixes" name="test_shift_operations_correctness" time="0.001" /><testcase classname="tests.test_correctness_fixes" name="test_modulo_operator_correctness" time="0.001" /><testcase classname="tests.test_evaluation_order_runtime" name="test_binary_ops_and_call_args_are_left_to_right" time="0.138"><failure message="RuntimeError: CODEGEN /tmp/pytest-of-pedro/pytest-30/test_binary_ops_and_call_args_0/eval_order.arixa:1:1: clang link failed: warning: overriding the module target triple with x86_64-pc-linux-gnu [-Woverride-module]&#10;1 warning generated.&#10;/usr/bin/ld: /tmp/module-794502.o: in function `log':&#10;&lt;string&gt;:(.text+0x1d): undefined reference to `astra_int_to_str'&#10;/usr/bin/ld: /tmp/module-794502.o: in function `make':&#10;&lt;string&gt;:(.text+0xa3): undefined reference to `astra_int_to_str'&#10;/usr/bin/ld: /tmp/module-794502.o: in function `get':&#10;&lt;string&gt;:(.text+0x108): undefined reference to `astra_int_to_str'&#10;clang: error: linker command failed with exit code 1 (use -v to see invocation)">tmp_path = PosixPath('/tmp/pytest-of-pedro/pytest-30/test_binary_ops_and_call_args_0')

    def test_binary_ops_and_call_args_are_left_to_right(tmp_path) -&gt; None:
        src = """
    struct Box { x Int }
    
    fn log(x Int, tag Int) Int{
      print(tag);
      return x;
    }
    
    fn add(a Int, b Int) Int{
      return a + b;
    }
    
    fn make() Box{
      print(5);
      return Box(1);
    }
    
    fn get(b Box) Int{
      print(6);
      return b.x;
    }
    
    fn main() Int{
      _ = log(1, 1) + log(2, 2);
      _ = add(log(3, 3), log(4, 4));
      _ = get(make());
      return 0;
    }
    """
&gt;       results = compile_and_run_program(
            tmp_path,
            name="eval_order",
            src_text=src,
            backends=("py", "native"),
        )

tests/test_evaluation_order_runtime.py:34: 
_ _ _ _ _ _ _ _ _ _ _ _ _ _ _ _ _ _ _ _ _ _ _ _ _ _ _ _ _ _ _ _ _ _ _ _ _ _ _ _ _ _ _ _ _ _ _ _ _ _ _ _ _ _ _ _ _ _ _ _ _ _ _ _ _ _ _ _ _ _ _ _ _ _ _ _ _ _ _ _ _ _ _
tests/golden_helpers.py:64: in compile_and_run_program
    state = build(str(src), str(out_exe), "native")
            ^^^^^^^^^^^^^^^^^^^^^^^^^^^^^^^^^^^^^^^
astra/build.py:1128: in build
    _build_native_llvm(
_ _ _ _ _ _ _ _ _ _ _ _ _ _ _ _ _ _ _ _ _ _ _ _ _ _ _ _ _ _ _ _ _ _ _ _ _ _ _ _ _ _ _ _ _ _ _ _ _ _ _ _ _ _ _ _ _ _ _ _ _ _ _ _ _ _ _ _ _ _ _ _ _ _ _ _ _ _ _ _ _ _ _

ir_text = '; ModuleID = \'&lt;string&gt;\'\nsource_filename = "&lt;string&gt;"\ntarget datalayout = "e-m:e-p270:32:32-p271:32:32-p272:64:64-...nd speculatable willreturn memory(none) }\nattributes #1 = { cold noreturn nounwind memory(inaccessiblemem: write) }\n'
out_path = '/tmp/pytest-of-pedro/pytest-30/test_binary_ops_and_call_args_0/eval_order.exe'
src_file = PosixPath('/tmp/pytest-of-pedro/pytest-30/test_binary_ops_and_call_args_0/eval_order.arixa')

    def _build_native_llvm(
        ir_text: str,
        out_path: str,
        src_file: Path,
        *,
        profile: str,
        sanitize: str | None,
        triple: str | None,
        freestanding: bool,
        kind: str,
        link_libs: list[str] | None = None,
        link_args: list[str] | None = None,
    ):
        clang = shutil.which("clang")
        if clang is None:
            raise RuntimeError(f"CODEGEN {src_file}:1:1: native target requires `clang` in PATH")
        out = Path(out_path)
        out.parent.mkdir(parents=True, exist_ok=True)
        opt_flag = "-O3" if profile == "release" else "-O0"
        sanitize_flag = f"-fsanitize={sanitize}" if sanitize else None
        with tempfile.TemporaryDirectory(prefix="astra-native-") as td:
            ll_path = Path(td) / "module.ll"
            ll_path.write_text(ir_text)
            is_windows = sys.platform.startswith("win")
            if kind == "lib":
                cmd = [clang, opt_flag, "-shared", "-fPIC", str(ll_path), "-o", str(out)]
                if not freestanding:
                    runtime_c = runtime_source_path()
                    if runtime_c is None:
                        raise RuntimeError(
                            f"CODEGEN {src_file}:1:1: missing runtime source; set ASTRA_RUNTIME_C_PATH or install bundled runtime"
                        )
                    cmd.insert(-2, str(runtime_c))
                    if is_windows:
                        cmd.insert(-2, "-lbcrypt")
                        cmd.insert(-2, "-lws2_32")
                    else:
                        cmd.insert(-2, "-lm")
            elif freestanding:
                cmd = [
                    clang,
                    opt_flag,
                    str(ll_path),
                    "-nostdlib",
                    "-nostartfiles",
                    "-Wl,-e,_start",
                    "-o",
                    str(out),
                ]
            else:
                runtime_c = runtime_source_path()
                if runtime_c is None:
                    raise RuntimeError(
                        f"CODEGEN {src_file}:1:1: missing runtime source; set ASTRA_RUNTIME_C_PATH or install bundled runtime"
                    )
                cmd = [clang, opt_flag, str(ll_path), str(runtime_c), "-o", str(out)]
                if is_windows:
                    cmd.extend(["-lbcrypt", "-lws2_32"])
                else:
                    cmd.extend(["-lm", "-pthread"])
            if link_libs:
                for lib in sorted(set(link_libs)):
                    if lib:
                        cmd.append(f"-l{lib}")
            if sanitize_flag is not None:
                cmd.append(sanitize_flag)
            if link_args:
                cmd.extend([arg for arg in link_args if arg])
            if triple:
                cmd.insert(1, f"--target={triple}")
            cp = subprocess.run(cmd, capture_output=True, text=True)
            if cp.returncode != 0:
                detail = (cp.stderr or cp.stdout or "").strip()
&gt;               raise RuntimeError(f"CODEGEN {src_file}:1:1: clang link failed{': ' + detail if detail else ''}")
E               RuntimeError: CODEGEN /tmp/pytest-of-pedro/pytest-30/test_binary_ops_and_call_args_0/eval_order.arixa:1:1: clang link failed: warning: overriding the module target triple with x86_64-pc-linux-gnu [-Woverride-module]
E               1 warning generated.
E               /usr/bin/ld: /tmp/module-794502.o: in function `log':
E               &lt;string&gt;:(.text+0x1d): undefined reference to `astra_int_to_str'
E               /usr/bin/ld: /tmp/module-794502.o: in function `make':
E               &lt;string&gt;:(.text+0xa3): undefined reference to `astra_int_to_str'
E               /usr/bin/ld: /tmp/module-794502.o: in function `get':
E               &lt;string&gt;:(.text+0x108): undefined reference to `astra_int_to_str'
E               clang: error: linker command failed with exit code 1 (use -v to see invocation)

astra/build.py:855: RuntimeError</failure></testcase><testcase classname="tests.test_experimental_optimizations" name="test_link_time_optimization" time="0.064" /><testcase classname="tests.test_experimental_optimizations" name="test_ml_guided_optimization" time="0.065"><failure message="AssertionError: assert 86 == 4950&#10; +  where 86 = CompletedProcess(args=['/home/pedro/rust-projects/language/ASTRA/.venv/bin/python', '/tmp/pytest-of-pedro/pytest-30/test_ml_guided_optimization0/ml_test.py'], returncode=86, stdout='', stderr='').returncode">tmp_path = PosixPath('/tmp/pytest-of-pedro/pytest-30/test_ml_guided_optimization0')

    def test_ml_guided_optimization(tmp_path: Path):
        """Test ML-guided optimization."""
        src = tmp_path / "ml_test.arixa"
        out = tmp_path / "ml_test.py"
        src.write_text(
            """
    fn compute_ml(x Int) Int {
        mut result = 0;
        mut i = 0;
        while i &lt; x {
            result = result + i;
            i = i + 1;
        }
        return result;
    }
    
    fn main() Int {
        return compute_ml(100);
    }
    """
        )
    
        build_enhanced(str(src), str(out), target="py", profile="beta")
        cp = subprocess.run([sys.executable, str(out)], capture_output=True, text=True, timeout=5)
&gt;       assert cp.returncode == 4950  # Sum of 0-99
        ^^^^^^^^^^^^^^^^^^^^^^^^^^^^
E       AssertionError: assert 86 == 4950
E        +  where 86 = CompletedProcess(args=['/home/pedro/rust-projects/language/ASTRA/.venv/bin/python', '/tmp/pytest-of-pedro/pytest-30/test_ml_guided_optimization0/ml_test.py'], returncode=86, stdout='', stderr='').returncode

tests/test_experimental_optimizations.py:59: AssertionError</failure></testcase><testcase classname="tests.test_experimental_optimizations" name="test_auto_parallelization" time="0.066" /><testcase classname="tests.test_experimental_optimizations" name="test_advanced_vectorization" time="0.065" /><testcase classname="tests.test_experimental_optimizations" name="test_polyhedral_optimization" time="0.065" /><testcase classname="tests.test_experimental_optimizations" name="test_speculative_optimization" time="0.065" /><testcase classname="tests.test_experimental_optimizations" name="test_devirtualization" time="0.064" /><testcase classname="tests.test_experimental_optimizations" name="test_experimental_performance_comparison" time="0.130" /><testcase classname="tests.test_experimental_optimizations" name="test_experimental_optimization_pipeline" time="0.065" /><testcase classname="tests.test_ffi" name="test_parse_extern_decl_shape" time="0.000" /><testcase classname="tests.test_ffi" name="test_parse_variadic_extern_decl" time="0.000" /><testcase classname="tests.test_ffi" name="test_parse_link_attribute_on_extern" time="0.000" /><testcase classname="tests.test_ffi" name="test_parse_multiple_link_attributes" time="0.000" /><testcase classname="tests.test_ffi" name="test_semantic_extern_symbol_is_callable" time="0.000" /><testcase classname="tests.test_ffi" name="test_semantic_extern_with_body_is_parse_error" time="0.000" /><testcase classname="tests.test_ffi" name="test_semantic_extern_inside_function_is_parse_error" time="0.000" /><testcase classname="tests.test_ffi" name="test_llvm_codegen_emits_declare_for_extern" time="0.001" /><testcase classname="tests.test_ffi" name="test_python_codegen_emits_ctypes_bindings" time="0.000" /><testcase classname="tests.test_ffi" name="test_native_build_can_link_external_c_abi_library" time="0.108" /><testcase classname="tests.test_fixed_int_types" name="test_parse_typed_and_inferred_bindings" time="0.000" /><testcase classname="tests.test_fixed_int_types" name="test_parse_accepts_mut_binding" time="0.000" /><testcase classname="tests.test_fixed_int_types" name="test_semantic_rejects_assignment_to_immutable_binding" time="0.000" /><testcase classname="tests.test_fixed_int_types" name="test_semantic_allows_shadowing_immutable_binding_with_mutable" time="0.000" /><testcase classname="tests.test_fixed_int_types" name="test_fixed_typed_binding_accepts_integer_literal[i8]" time="0.000" /><testcase classname="tests.test_fixed_int_types" name="test_fixed_typed_binding_accepts_integer_literal[u8]" time="0.000" /><testcase classname="tests.test_fixed_int_types" name="test_fixed_typed_binding_accepts_integer_literal[i16]" time="0.000" /><testcase classname="tests.test_fixed_int_types" name="test_fixed_typed_binding_accepts_integer_literal[u16]" time="0.000" /><testcase classname="tests.test_fixed_int_types" name="test_fixed_typed_binding_accepts_integer_literal[i32]" time="0.000" /><testcase classname="tests.test_fixed_int_types" name="test_fixed_typed_binding_accepts_integer_literal[u32]" time="0.000" /><testcase classname="tests.test_fixed_int_types" name="test_fixed_typed_binding_accepts_integer_literal[i64]" time="0.000" /><testcase classname="tests.test_fixed_int_types" name="test_fixed_typed_binding_accepts_integer_literal[u64]" time="0.000" /><testcase classname="tests.test_fixed_int_types" name="test_fixed_typed_binding_accepts_integer_literal[i128]" time="0.000" /><testcase classname="tests.test_fixed_int_types" name="test_fixed_typed_binding_accepts_integer_literal[u128]" time="0.000" /><testcase classname="tests.test_fixed_int_types" name="test_fixed_typed_binding_accepts_integer_literal[isize]" time="0.000" /><testcase classname="tests.test_fixed_int_types" name="test_fixed_typed_binding_accepts_integer_literal[usize]" time="0.000" /><testcase classname="tests.test_fixed_int_types" name="test_fixed_inferred_binding_can_assign_into_typed_integer_width[i8]" time="0.000" /><testcase classname="tests.test_fixed_int_types" name="test_fixed_inferred_binding_can_assign_into_typed_integer_width[u8]" time="0.000" /><testcase classname="tests.test_fixed_int_types" name="test_fixed_inferred_binding_can_assign_into_typed_integer_width[i16]" time="0.000" /><testcase classname="tests.test_fixed_int_types" name="test_fixed_inferred_binding_can_assign_into_typed_integer_width[u16]" time="0.000" /><testcase classname="tests.test_fixed_int_types" name="test_fixed_inferred_binding_can_assign_into_typed_integer_width[i32]" time="0.000" /><testcase classname="tests.test_fixed_int_types" name="test_fixed_inferred_binding_can_assign_into_typed_integer_width[u32]" time="0.000" /><testcase classname="tests.test_fixed_int_types" name="test_fixed_inferred_binding_can_assign_into_typed_integer_width[i64]" time="0.000" /><testcase classname="tests.test_fixed_int_types" name="test_fixed_inferred_binding_can_assign_into_typed_integer_width[u64]" time="0.000" /><testcase classname="tests.test_fixed_int_types" name="test_fixed_inferred_binding_can_assign_into_typed_integer_width[i128]" time="0.000" /><testcase classname="tests.test_fixed_int_types" name="test_fixed_inferred_binding_can_assign_into_typed_integer_width[u128]" time="0.000" /><testcase classname="tests.test_fixed_int_types" name="test_fixed_inferred_binding_can_assign_into_typed_integer_width[isize]" time="0.000" /><testcase classname="tests.test_fixed_int_types" name="test_fixed_inferred_binding_can_assign_into_typed_integer_width[usize]" time="0.000" /><testcase classname="tests.test_fixed_int_types" name="test_integer_width_types_work_in_numeric_expressions[i8]" time="0.001" /><testcase classname="tests.test_fixed_int_types" name="test_integer_width_types_work_in_numeric_expressions[u8]" time="0.001" /><testcase classname="tests.test_fixed_int_types" name="test_integer_width_types_work_in_numeric_expressions[i16]" time="0.001" /><testcase classname="tests.test_fixed_int_types" name="test_integer_width_types_work_in_numeric_expressions[u16]" time="0.000" /><testcase classname="tests.test_fixed_int_types" name="test_integer_width_types_work_in_numeric_expressions[i32]" time="0.001" /><testcase classname="tests.test_fixed_int_types" name="test_integer_width_types_work_in_numeric_expressions[u32]" time="0.000" /><testcase classname="tests.test_fixed_int_types" name="test_integer_width_types_work_in_numeric_expressions[i64]" time="0.001" /><testcase classname="tests.test_fixed_int_types" name="test_integer_width_types_work_in_numeric_expressions[u64]" time="0.000" /><testcase classname="tests.test_fixed_int_types" name="test_integer_width_types_work_in_numeric_expressions[i128]" time="0.001" /><testcase classname="tests.test_fixed_int_types" name="test_integer_width_types_work_in_numeric_expressions[u128]" time="0.001" /><testcase classname="tests.test_fixed_int_types" name="test_integer_width_types_work_in_numeric_expressions[isize]" time="0.000" /><testcase classname="tests.test_fixed_int_types" name="test_integer_width_types_work_in_numeric_expressions[usize]" time="0.000" /><testcase classname="tests.test_fixed_int_types" name="test_for_loop_binding_is_immutable[i8]" time="0.000" /><testcase classname="tests.test_fixed_int_types" name="test_for_loop_binding_is_immutable[u8]" time="0.000" /><testcase classname="tests.test_fixed_int_types" name="test_for_loop_binding_is_immutable[i16]" time="0.000" /><testcase classname="tests.test_fixed_int_types" name="test_for_loop_binding_is_immutable[u16]" time="0.000" /><testcase classname="tests.test_fixed_int_types" name="test_for_loop_binding_is_immutable[i32]" time="0.000" /><testcase classname="tests.test_fixed_int_types" name="test_for_loop_binding_is_immutable[u32]" time="0.000" /><testcase classname="tests.test_fixed_int_types" name="test_for_loop_binding_is_immutable[i64]" time="0.000" /><testcase classname="tests.test_fixed_int_types" name="test_for_loop_binding_is_immutable[u64]" time="0.000" /><testcase classname="tests.test_fixed_int_types" name="test_for_loop_binding_is_immutable[i128]" time="0.000" /><testcase classname="tests.test_fixed_int_types" name="test_for_loop_binding_is_immutable[u128]" time="0.000" /><testcase classname="tests.test_fixed_int_types" name="test_for_loop_binding_is_immutable[isize]" time="0.000" /><testcase classname="tests.test_fixed_int_types" name="test_for_loop_binding_is_immutable[usize]" time="0.000" /><testcase classname="tests.test_fixed_int_types" name="test_fixed_typed_binding_rejects_float_literal[i8]" time="0.000" /><testcase classname="tests.test_fixed_int_types" name="test_fixed_typed_binding_rejects_float_literal[u8]" time="0.000" /><testcase classname="tests.test_fixed_int_types" name="test_fixed_typed_binding_rejects_float_literal[i16]" time="0.000" /><testcase classname="tests.test_fixed_int_types" name="test_fixed_typed_binding_rejects_float_literal[u16]" time="0.000" /><testcase classname="tests.test_fixed_int_types" name="test_fixed_typed_binding_rejects_float_literal[i32]" time="0.000" /><testcase classname="tests.test_fixed_int_types" name="test_fixed_typed_binding_rejects_float_literal[u32]" time="0.000" /><testcase classname="tests.test_fixed_int_types" name="test_fixed_typed_binding_rejects_float_literal[i64]" time="0.000" /><testcase classname="tests.test_fixed_int_types" name="test_fixed_typed_binding_rejects_float_literal[u64]" time="0.000" /><testcase classname="tests.test_fixed_int_types" name="test_fixed_typed_binding_rejects_float_literal[i128]" time="0.000" /><testcase classname="tests.test_fixed_int_types" name="test_fixed_typed_binding_rejects_float_literal[u128]" time="0.000" /><testcase classname="tests.test_fixed_int_types" name="test_fixed_typed_binding_rejects_float_literal[isize]" time="0.000" /><testcase classname="tests.test_fixed_int_types" name="test_fixed_typed_binding_rejects_float_literal[usize]" time="0.000" /><testcase classname="tests.test_fixed_int_types" name="test_formatter_preserves_binding_syntax" time="0.001" /><testcase classname="tests.test_formatter_correctness" name="test_formatter_idempotent_and_structural_for_precedence_cases[fn main() Int{ return (1 + 2) * 3; }]" time="0.000" /><testcase classname="tests.test_formatter_correctness" name="test_formatter_idempotent_and_structural_for_precedence_cases[fn main() Int{ return 10 - (7 - 1); }]" time="0.000" /><testcase classname="tests.test_formatter_correctness" name="test_formatter_idempotent_and_structural_for_precedence_cases[fn main() Int{ return 1 + (2 * (3 + 4)); }]" time="0.000" /><testcase classname="tests.test_formatter_correctness" name="test_formatter_idempotent_and_structural_for_precedence_cases[fn main() Int{ return a ?? (b ?? c); }]" time="0.000" /><testcase classname="tests.test_formatter_correctness" name="test_formatter_idempotent_and_structural_for_precedence_cases[fn main() Int{ return -(1 + 2); }]" time="0.000" /><testcase classname="tests.test_formatter_correctness" name="test_formatter_idempotent_and_structural_for_precedence_cases[fn main() Int{ return await (a + b); }]" time="0.000" /><testcase classname="tests.test_formatter_correctness" name="test_formatter_idempotent_and_structural_for_precedence_cases[fn main() Int{ defer print(&quot;bye&quot;); return 0; }]" time="0.000" /><testcase classname="tests.test_formatter_correctness" name="test_formatter_idempotent_and_structural_for_precedence_cases[fn main() Int{ comptime { x = 1; } return 0; }]" time="0.000" /><testcase classname="tests.test_formatter_correctness" name="test_formatter_idempotent_and_structural_for_precedence_cases[fn main() Int{ mut s = 0; for i in 1..=3 { s += i; } match s == 6 { true =&gt; { return 1; } _ =&gt; { return 0; } } }]" time="0.001" /><testcase classname="tests.test_formatter_correctness" name="test_formatter_preserves_runtime_meaning_py_backend[fn main() Int{ return (1 + 2) * 3; }-9]" time="0.133" /><testcase classname="tests.test_formatter_correctness" name="test_formatter_preserves_runtime_meaning_py_backend[fn main() Int{ return 10 - (7 - 1); }-4]" time="0.132" /><testcase classname="tests.test_formatter_correctness" name="test_formatter_preserves_runtime_meaning_py_backend[fn main() Int{ return -(1 + 2); }-253]" time="0.127" /><testcase classname="tests.test_formatter_correctness" name="test_formatter_normalizes_generic_bounds_to_inline_space_form" time="0.001"><failure message="AssertionError: assert 'where' not in 'fn pick&lt;T&gt;(...eturn x; }\n'&#10;  &#10;  'where' is contained here:&#10;    fn pick&lt;T&gt;(x T) T where T: Show{ return x; }&#10;  ?                   +++++">def test_formatter_normalizes_generic_bounds_to_inline_space_form():
        src = "fn pick&lt;T&gt;(x T) T where T: Show{ return x; }"
        out = fmt(src)
&gt;       assert "where" not in out
E       AssertionError: assert 'where' not in 'fn pick&lt;T&gt;(...eturn x; }\n'
E         
E         'where' is contained here:
E           fn pick&lt;T&gt;(x T) T where T: Show{ return x; }
E         ?                   +++++

[...]
    _check_stmt(
astra/semantic.py:3115: in _check_stmt
    _check_block(
astra/semantic.py:2468: in _check_block
    _check_stmt(
astra/semantic.py:2899: in _check_stmt
    _check_stmt(
_ _ _ _ _ _ _ _ _ _ _ _ _ _ _ _ _ _ _ _ _ _ _ _ _ _ _ _ _ _ _ _ _ _ _ _ _ _ _ _ _ _ _ _ _ _ _ _ _ _ _ _ _ _ _ _ _ _ _ _ _ _ _ _ _ _ _ _ _ _ _ _ _ _ _ _ _ _ _ _ _ _ _

st = AssignStmt(target=Name(value='current', pos=5349, line=195, col=9), op='=', expr=Call(fn=Name(value='read_reg', pos=53...ne=195, col=28)], pos=5372, line=195, col=32, resolved_name='read_reg'), pos=5349, line=195, col=9, explicit_set=False)
scopes = [{'ALLOC_STRATEGY_BEST_FIT': 'Int', 'ALLOC_STRATEGY_FIRST_FIT': 'Int', 'ALLOC_STRATEGY_NEXT_FIT': 'Int', 'ALLOC_STRATE...t', ...}, {'addr': '&amp;Int', 'current': 'Int', 'current_time': 'Int | none', 'expected': 'Int', ...}, {'elapsed': 'Int'}]
mut_scopes = [{}, {'addr': False, 'current': False, 'current_time': True, 'expected': False, ...}, {'elapsed': True}]
borrow_scopes = [{'current', 'current_time', 'start'}, {'elapsed'}], move_scopes = [{'current': None, 'current_time': None, 'start': None}, {'elapsed': None}]
fn_groups = {'__acos_impl': [ExternFnDecl(name='__acos_impl', params=[('x', 'Float')], ret='Float', is_variadic=False, link_libs=[...6 | none', is_variadic=False, link_libs=[], lib='', unsafe=False, pub=False, doc='', pos=11926, line=424, col=1)], ...}
structs = {'ADCConfig': StructDecl(name='ADCConfig', generics=[], fields=[('resolution', 'UInt8'), ('sampling_time', 'UInt8'), (..., 'Bool')], methods=[], derives=[], pub=False, packed=False, doc='Boot configuration.', pos=1581, line=67, col=1), ...}
enums = {}, fn_ret = 'Bool', ref_param_names = {'addr'}, owned = &lt;astra.semantic._OwnedState object at 0x7fbb6b565630&gt;
borrow = &lt;astra.semantic._BorrowState object at 0x7fbb6d006270&gt;, move = &lt;astra.semantic._MoveState object at 0x7fbb6b4a3110&gt;
filename = '/home/pedro/rust-projects/language/ASTRA/stdlib/hardware.arixa', fn_name = 'wait_for_reg_field', loop_depth = 0, unsafe_ok = False, gpu_kernel = False

    def _check_stmt(
        st,
        scopes: list[dict[str, str]],
        mut_scopes: list[dict[str, bool]],
        borrow_scopes: list[set[str]],
        move_scopes: list[dict[str, bool | None]],
        fn_groups: dict[str, list[FnDecl | ExternFnDecl]],
        structs: dict[str, StructDecl],
        enums: dict[str, EnumDecl],
        fn_ret: str,
        ref_param_names: set[str],
        owned: _OwnedState,
        borrow: _BorrowState,
        move: _MoveState,
        filename: str,
        fn_name: str,
        loop_depth: int,
        unsafe_ok: bool,
        gpu_kernel: bool,
    ):
        def _is_narrowing_cond(expr: Any) -&gt; tuple[str, str] | None:
            if not (isinstance(expr, Binary) and expr.op == "is"):
                return None
            if not (isinstance(expr.left, Name) and isinstance(expr.right, Name)):
                return None
            return expr.left.value, _canonical_type(expr.right.value)
    
        if gpu_kernel and isinstance(st, (DeferStmt, ComptimeStmt, UnsafeStmt, MatchStmt)):
            raise SemanticError(
                _diag(
                    filename,
                    st.line,
                    st.col,
                    f"{type(st).__name__} is not supported in gpu kernels",
                )
            )
    
        if isinstance(st, LetStmt):
            if st.name == "_":
                ty = _infer(st.expr, scopes, mut_scopes, fn_groups, structs, enums, owned, borrow, move, filename, fn_name, unsafe_ok, gpu_kernel)
                if gpu_kernel and not _is_gpu_safe_type(ty, structs):
                    raise SemanticError(_diag(filename, st.line, st.col, f"gpu kernel local `_` uses unsupported type {ty}"))
                _consume_if_move_name(st.expr, ty, borrow, move, filename, st.line, st.col)
                return
            ty = _infer(st.expr, scopes, mut_scopes, fn_groups, structs, enums, owned, borrow, move, filename, fn_name, unsafe_ok, gpu_kernel)
            if ty == NONE_LIT_TYPE and st.type_name is None:
                raise SemanticError(_diag(filename, st.line, st.col, f"`none` requires explicit nullable type for {st.name}"))
            if st.type_name is not None:
                _require_type(filename, st.line, st.col, st.type_name, ty, st.name)
                ty = st.type_name
            _require_sized_value_type(filename, st.line, st.col, ty, st.name)
            exists = _lookup(st.name, scopes)
            if st.reassign_if_exists and exists is not None:
                synthetic = AssignStmt(
                    target=Name(st.name, st.pos, st.line, st.col),
                    op="=",
                    expr=st.expr,
                    pos=st.pos,
                    line=st.line,
                    col=st.col,
                    explicit_set=False,
                )
                _check_stmt(
                    synthetic,
                    scopes,
                    mut_scopes,
                    borrow_scopes,
                    move_scopes,
                    fn_groups,
                    structs,
                    enums,
                    fn_ret,
                    ref_param_names,
                    owned,
                    borrow,
                    move,
                    filename,
                    fn_name,
                    loop_depth,
                    unsafe_ok,
                    gpu_kernel,
                )
                return
            if gpu_kernel and not _is_gpu_safe_type(ty, structs):
                raise SemanticError(_diag(filename, st.line, st.col, f"gpu kernel local {st.name} uses unsupported type {ty}"))
            if st.name in scopes[-1]:
                borrow.release_ref(st.name)
            if st.name not in move_scopes[-1]:
                move_scopes[-1][st.name] = move.moved.get(st.name)
            move.declare(st.name)
            scopes[-1][st.name] = ty
            mut_scopes[-1][st.name] = bool(st.mut)
            borrow_scopes[-1].add(st.name)
            if _is_ref_type(ty):
                if isinstance(st.expr, Unary) and st.expr.op in {"&amp;", "&amp;mut"} and isinstance(st.expr.expr, Name):
                    owner = st.expr.expr.value
                    owner_mut = bool(_lookup_mut(owner, mut_scopes))
                    _ensure_ref_owner_outlives_binding(owner, st.name, scopes, filename, st.line, st.col)
                    borrow.bind_ref(st.name, owner, st.expr.op == "&amp;mut", owner_mut, filename, st.line, st.col)
                elif isinstance(st.expr, Name):
                    src_ref = borrow.ref_bindings.get(st.expr.value)
                    if src_ref is not None:
                        if src_ref.mutable:
                            raise SemanticError(_diag(filename, st.line, st.col, "cannot copy mutable reference"))
                        owner_mut = bool(_lookup_mut(src_ref.owner, mut_scopes))
                        origin = borrow.ref_origins.get(st.expr.value)
                        _ensure_ref_owner_outlives_binding(src_ref.owner, st.name, scopes, filename, st.line, st.col)
                        borrow.bind_ref(st.name, src_ref.owner, False, owner_mut, filename, st.line, st.col, origin=origin)
                    elif st.expr.value in ref_param_names:
                        borrow.ref_origins[st.name] = st.expr.value
            if isinstance(st.expr, Name):
                owned.assign_name(st.name, st.expr.value, Span.at(filename, st.line, st.col))
            _consume_if_move_name(st.expr, ty, borrow, move, filename, st.line, st.col)
            if _is_alloc_call(st.expr):
                owned.track_alloc(st.name)
            return
        if isinstance(st, AssignStmt):
            rhs = _infer(st.expr, scopes, mut_scopes, fn_groups, structs, enums, owned, borrow, move, filename, fn_name, unsafe_ok, gpu_kernel)
            if gpu_kernel and isinstance(st.target, IndexExpr):
                target_obj_ty = _infer(
                    st.target.obj,
                    scopes,
                    mut_scopes,
                    fn_groups,
                    structs,
                    enums,
                    owned,
                    borrow,
                    move,
                    filename,
                    fn_name,
                    unsafe_ok,
                    gpu_kernel,
                )
                if _is_gpu_slice_type(target_obj_ty):
                    raise SemanticError(_diag(filename, st.line, st.col, "cannot write through immutable GpuSlice&lt;T&gt; in gpu kernel"))
            base = _assign_base_name(st.target)
            if base is not None:
                borrow.check_write(base, filename, st.line, st.col)
            if isinstance(st.target, Name):
                is_mutable = _lookup_mut(st.target.value, mut_scopes)
                if is_mutable is None:
                    raise SemanticError(_diag(filename, st.line, st.col, f"assignment to undefined name {st.target.value}"))
                if not is_mutable:
&gt;                   raise SemanticError(_diag(filename, st.line, st.col, f"cannot assign to immutable binding {st.target.value}"))
E                   astra.semantic.SemanticError: SEM /home/pedro/rust-projects/language/ASTRA/stdlib/hardware.arixa:195:9: cannot assign to immutable binding current

astra/semantic.py:2981: SemanticError</failure></testcase><testcase classname="tests.test_stdlib_modules" name="test_hosted_stdlib_modules_are_rejected_in_freestanding_mode" time="0.006" /><testcase classname="tests.test_stdlib_modules" name="test_extended_stdlib_exports_exist" time="0.007"><failure message="astra.parser.ParseError: PARSE stdlib/mem.arixa:12:14: expected `;`&#10;PARSE stdlib/mem.arixa:27:14: expected `;`">def test_extended_stdlib_exports_exist():
        checks = {
            "stdlib/core.arixa": {"Bytes", "add_checked", "sub_checked", "mul_checked", "div_checked"},
            "stdlib/time.arixa": {"now_ms", "sleep_seconds"},
            "stdlib/io.arixa": {"read_or", "print_int", "print_bool", "print_float", "print_str", "print_any"},
            "stdlib/collections.arixa": {"map_get_or", "List", "Map", "list_new_typed", "map_new_typed", "push", "get", "put", "len", "has"},
            "stdlib/net.arixa": {"tcp_send_line"},
            "stdlib/thread.arixa": {"spawn0", "spawn1", "join_task", "join_timeout", "yield_now"},
            "stdlib/sync.arixa": {"mutex_new", "mutex_lock", "mutex_unlock"},
            "stdlib/channel.arixa": {"Channel", "channel_new", "channel_send", "channel_recv", "channel_try_recv", "channel_recv_blocking", "channel_close"},
            "stdlib/atomic.arixa": {"AtomicInt", "atomic_int_new", "atomic_load", "atomic_store", "atomic_fetch_add", "atomic_compare_exchange"},
            "stdlib/process.arixa": {"env_or", "run_ok", "eprintln"},
            "stdlib/crypto.arixa": {"CryptoError", "digest_pair", "rand_bytes"},
            "stdlib/serde.arixa": {"ParseError", "to_json", "from_json"},
            "stdlib/math.arixa": {"min_int", "max_int", "clamp_int", "abs_int"},
            "stdlib/vec.arixa": {"vec_new_typed", "vec_len_typed", "vec_push_typed", "vec_get_typed"},
            "stdlib/mem.arixa": {"fill_bytes", "copy_bytes"},
        }
        for path, expected in checks.items():
&gt;           prog = parse(_load(path), filename=path)
                   ^^^^^^^^^^^^^^^^^^^^^^^^^^^^^^^^^

tests/test_stdlib_modules.py:82: 
_ _ _ _ _ _ _ _ _ _ _ _ _ _ _ _ _ _ _ _ _ _ _ _ _ _ _ _ _ _ _ _ _ _ _ _ _ _ _ _ _ _ _ _ _ _ _ _ _ _ _ _ _ _ _ _ _ _ _ _ _ _ _ _ _ _ _ _ _ _ _ _ _ _ _ _ _ _ _ _ _ _ _
astra/parser.py:1598: in parse
    return Parser(src, filename=filename).parse_program()
           ^^^^^^^^^^^^^^^^^^^^^^^^^^^^^^^^^^^^^^^^^^^^^^
_ _ _ _ _ _ _ _ _ _ _ _ _ _ _ _ _ _ _ _ _ _ _ _ _ _ _ _ _ _ _ _ _ _ _ _ _ _ _ _ _ _ _ _ _ _ _ _ _ _ _ _ _ _ _ _ _ _ _ _ _ _ _ _ _ _ _ _ _ _ _ _ _ _ _ _ _ _ _ _ _ _ _

self = &lt;astra.parser.Parser object at 0x7fbb6b7c6430&gt;

    def parse_program(self) -&gt; Program:
        """Parse the `program` grammar production from the token stream.
    
        Parameters:
            none
    
        Returns:
            Value described by the function return annotation.
        """
        items: list[Any] = []
        while self.cur().kind != "EOF":
            doc = self._consume_doc_comments()
            if self.cur().kind == "EOF":
                break
            if self.cur().kind == ";":
                self.i += 1
                continue
            try:
                item = self.parse_top_level(doc)
                if item is not None:
                    items.append(item)
            except ParseError:
                self.recover()
        if self.errors:
&gt;           raise ParseError("\n".join(self.errors))
E           astra.parser.ParseError: PARSE stdlib/mem.arixa:12:14: expected `;`
E           PARSE stdlib/mem.arixa:27:14: expected `;`

astra/parser.py:288: ParseError</failure></testcase><testcase classname="tests.test_syntax_migration" name="test_parse_new_binding_forms_and_set" time="0.000" /><testcase classname="tests.test_syntax_migration" name="test_semantic_rejects_assign_to_immutable_binding" time="0.000" /><testcase classname="tests.test_syntax_migration" name="test_semantic_accepts_mutable_reassignment_dual_mode" time="0.000" /><testcase classname="tests.test_syntax_migration" name="test_nullable_union_coalesce" time="0.000" /><testcase classname="tests.test_syntax_migration" name="test_try_operator_postfix_bang_union" time="0.000" /><testcase classname="tests.test_tooling_inprocess" name="test_docgen_main_writes_output" time="0.001" /><testcase classname="tests.test_tooling_inprocess" name="test_linter_main_json_output" time="0.001" /><testcase classname="tests.test_tooling_inprocess" name="test_linter_main_accepts_directory" time="0.001" /><testcase classname="tests.test_tooling_inprocess" name="test_pkg_main_roundtrip" time="0.030" /><testcase classname="tests.test_tooling_inprocess" name="test_cli_pkg_dispatch_roundtrip" time="0.018" /><testcase classname="tests.test_tooling_inprocess" name="test_cli_main_check_and_build" time="0.028" /><testcase classname="tests.test_tooling_inprocess" name="test_lsp_helpers_and_main_dispatch" time="0.002" /><testcase classname="tests.test_tooling_inprocess" name="test_debugger_and_profiler_and_runtime" time="0.002" /><testcase classname="tests.test_tools" name="test_formatter" time="0.000" /><testcase classname="tests.test_tools" name="test_linter_clean" time="0.000" /><testcase classname="tests.test_trait_where_runtime" name="test_trait_where_bound_runtime_parity" time="0.008"><failure message="astra.parser.ParseError: PARSE /tmp/pytest-of-pedro/pytest-30/test_trait_where_bound_runtime0/trait_where_runtime.arixa:2:1: unexpected top-level token IDENT&#10;PARSE /tmp/pytest-of-pedro/pytest-30/test_trait_where_bound_runtime0/trait_where_runtime.arixa:3:25: expected {, got ;&#10;PARSE /tmp/pytest-of-pedro/pytest-30/test_trait_where_bound_runtime0/trait_where_runtime.arixa:4:1: unexpected top-level token }&#10;PARSE /tmp/pytest-of-pedro/pytest-30/test_trait_where_bound_runtime0/trait_where_runtime.arixa:7:16: expected {, got IDENT&#10;PARSE /tmp/pytest-of-pedro/pytest-30/test_trait_where_bound_runtime0/trait_where_runtime.arixa:9:1: unexpected top-level token }">tmp_path = PosixPath('/tmp/pytest-of-pedro/pytest-30/test_trait_where_bound_runtime0')

    def test_trait_where_bound_runtime_parity(tmp_path) -&gt; None:
        src = """
    trait Show {
      fn show(x Self) String;
    }
    fn show(x Int) String { return "ok"; }
    
    fn wrap(x T) T where T: Show{
      return x;
    }
    
    fn main() Int{
      return wrap(7);
    }
    """
&gt;       results = compile_and_run_program(
            tmp_path,
            name="trait_where_runtime",
            src_text=src,
            backends=("py", "native"),
        )

tests/test_trait_where_runtime.py:19: 
_ _ _ _ _ _ _ _ _ _ _ _ _ _ _ _ _ _ _ _ _ _ _ _ _ _ _ _ _ _ _ _ _ _ _ _ _ _ _ _ _ _ _ _ _ _ _ _ _ _ _ _ _ _ _ _ _ _ _ _ _ _ _ _ _ _ _ _ _ _ _ _ _ _ _ _ _ _ _ _ _ _ _
tests/golden_helpers.py:43: in compile_and_run_program
    state = build(str(src), str(out_py), "py")
            ^^^^^^^^^^^^^^^^^^^^^^^^^^^^^^^^^^
astra/build.py:950: in build
    prog = parse(src, filename=str(src_file))
           ^^^^^^^^^^^^^^^^^^^^^^^^^^^^^^^^^^
astra/parser.py:1598: in parse
    return Parser(src, filename=filename).parse_program()
           ^^^^^^^^^^^^^^^^^^^^^^^^^^^^^^^^^^^^^^^^^^^^^^
_ _ _ _ _ _ _ _ _ _ _ _ _ _ _ _ _ _ _ _ _ _ _ _ _ _ _ _ _ _ _ _ _ _ _ _ _ _ _ _ _ _ _ _ _ _ _ _ _ _ _ _ _ _ _ _ _ _ _ _ _ _ _ _ _ _ _ _ _ _ _ _ _ _ _ _ _ _ _ _ _ _ _

self = &lt;astra.parser.Parser object at 0x7fbb69fd2970&gt;

    def parse_program(self) -&gt; Program:
        """Parse the `program` grammar production from the token stream.
    
        Parameters:
            none
    
        Returns:
            Value described by the function return annotation.
        """
        items: list[Any] = []
        while self.cur().kind != "EOF":
            doc = self._consume_doc_comments()
            if self.cur().kind == "EOF":
                break
            if self.cur().kind == ";":
                self.i += 1
                continue
            try:
                item = self.parse_top_level(doc)
                if item is not None:
                    items.append(item)
            except ParseError:
                self.recover()
        if self.errors:
&gt;           raise ParseError("\n".join(self.errors))
E           astra.parser.ParseError: PARSE /tmp/pytest-of-pedro/pytest-30/test_trait_where_bound_runtime0/trait_where_runtime.arixa:2:1: unexpected top-level token IDENT
E           PARSE /tmp/pytest-of-pedro/pytest-30/test_trait_where_bound_runtime0/trait_where_runtime.arixa:3:25: expected {, got ;
E           PARSE /tmp/pytest-of-pedro/pytest-30/test_trait_where_bound_runtime0/trait_where_runtime.arixa:4:1: unexpected top-level token }
E           PARSE /tmp/pytest-of-pedro/pytest-30/test_trait_where_bound_runtime0/trait_where_runtime.arixa:7:16: expected {, got IDENT
E           PARSE /tmp/pytest-of-pedro/pytest-30/test_trait_where_bound_runtime0/trait_where_runtime.arixa:9:1: unexpected top-level token }

astra/parser.py:288: ParseError</failure></testcase><testcase classname="tests.test_try_runtime" name="test_try_operator_propagates_none_and_short_circuits" time="0.156" /><testcase classname="tests.test_try_runtime" name="test_try_operator_runs_defers_on_early_return" time="0.155" /><testcase classname="tests.test_try_runtime" name="test_try_operator_propagates_union_err_and_short_circuits" time="0.066" /><testcase classname="tests.test_try_runtime" name="test_try_operator_union_propagation_matches_py_and_native" time="0.151" /><testcase classname="tests.test_vscode_extension" name="test_vscode_extension_has_marketplace_icon_and_language_icon" time="0.000" /><testcase classname="tests.test_vscode_extension" name="test_vscode_extension_scoped_editor_defaults_for_astra" time="0.000" /><testcase classname="tests.test_x86_assembly_verification" name="test_llvm_output_is_always_validated[fn main() Int{ return 0; }]" time="0.001" /><testcase classname="tests.test_x86_assembly_verification" name="test_llvm_output_is_always_validated[fn inc(x Int) Int{ return x + 1; } fn main() Int{ return inc(9); }]" time="0.001" /><testcase classname="tests.test_x86_assembly_verification" name="test_llvm_output_is_always_validated[fn main() Int{ mut x = 0; while x &lt; 4 { x += 1; } return x; }]" time="0.001" /><testcase classname="tests.test_x86_assembly_verification" name="test_llvm_output_is_always_validated[fn main() Int{ x = 7; if x &gt; 3 { return 1; } return 0; }]" time="0.001" /><testcase classname="tests.test_x86_assembly_verification" name="test_llvm_freestanding_output_is_validated" time="0.001" /></testsuite></testsuites>