<?xml version="1.0" encoding="utf-8"?><testsuites name="pytest tests"><testsuite name="pytest" errors="0" failures="0" skipped="0" tests="18" time="0.914" timestamp="2026-03-03T19:33:09.515251+00:00" hostname="Zeus"><testcase classname="tests.test_build" name="test_native_missing_clang_reports_codegen_error" time="0.004" /><testcase classname="tests.test_build" name="test_build_native_executable" time="0.056" /><testcase classname="tests.test_build" name="test_build_native_runtime_builtins_link_and_run" time="0.055" /><testcase classname="tests.test_build" name="test_build_native_runtime_panic_reports_message" time="0.055" /><testcase classname="tests.test_build" name="test_build_native_supports_async_struct_and_defer_loop" time="0.052" /><testcase classname="tests.test_build" name="test_build_native_freestanding_runtime_free_program_links_without_runtime" time="0.013" /><testcase classname="tests.test_build" name="test_build_native_freestanding_requires_start_symbol" time="0.001" /><testcase classname="tests.test_build" name="test_build_native_supports_non_runtime_builtins" time="0.050" /><testcase classname="tests.test_build" name="test_build_native_supports_string_concatenation" time="0.050" /><testcase classname="tests.test_build" name="test_build_native_json_roundtrip_keeps_map_and_list_shapes" time="0.051" /><testcase classname="tests.test_build" name="test_build_native_supports_array_index_get_and_coalesce" time="0.052" /><testcase classname="tests.test_build" name="test_build_native_supports_layout_queries" time="0.051" /><testcase classname="tests.test_build" name="test_build_native_shift_out_of_range_traps" time="0.104" /><testcase classname="tests.test_build" name="test_build_native_supports_packed_struct_bitfield_ops" time="0.054" /><testcase classname="tests.test_build" name="test_build_native_supports_packed_struct_fields_above_64_bits" time="0.060" /><testcase classname="tests.test_build" name="test_build_native_supports_extended_runtime_builtins" time="0.058" /><testcase classname="tests.test_build" name="test_build_native_supports_float_mod" time="0.053" /><testcase classname="tests.test_build" name="test_build_native_supports_i128_hard_ops_with_runtime_helpers" time="0.054" /></testsuite></testsuites>